<?xml version="1.0" encoding="UTF-8"?>
<!-- Generated by org.testng.reporters.JUnitXMLReporter -->
<testsuite ignored="0" hostname="DESKTOP-A0EAS6T" failures="1" tests="2" name="OpenEMR Regression" time="14.008" errors="0" timestamp="2025-12-29T20:35:06 EST">
  <testcase classname="tests.LoginTests" name="failTest" time="0.066">
    <failure type="java.lang.AssertionError" message="Intentional failure to test Allure screenshot">
      <![CDATA[java.lang.AssertionError: Intentional failure to test Allure screenshot
at tests.LoginTests.failTest(LoginTests.java:32)
at java.base/java.util.ArrayList.forEach(ArrayList.java:1597)
at java.base/java.util.concurrent.FutureTask.run(FutureTask.java:317)
at java.base/java.util.concurrent.ThreadPoolExecutor.runWorker(ThreadPoolExecutor.java:1144)
at java.base/java.util.concurrent.ThreadPoolExecutor$Worker.run(ThreadPoolExecutor.java:642)
at java.base/java.lang.Thread.run(Thread.java:1575)
... Removed 16 stack frames]]>
    </failure>
  </testcase> <!-- failTest -->
  <testcase classname="tests.LoginTests" name="validLoginTest" time="5.809"/>
</testsuite> <!-- OpenEMR Regression -->
