2025-12-28 10:38:51.795 [main] INFO  ConfigReader - Loaded config.properties from path: C:\Users\Basharmal Safi\eclipse-workspace\Openemr/src/test/resources/config.properties
2025-12-28 10:38:51.800 [main] DEBUG ConfigReader - Reading config key: browser = chrome
2025-12-28 10:38:51.800 [main] INFO  DriverFactory - Initializing browser: chrome
2025-12-28 10:38:53.924 [main] INFO  DriverFactory - ChromeDriver initialized successfully
2025-12-28 10:38:53.924 [main] DEBUG ConfigReader - Reading config key: url = http://localhost/openemr
2025-12-28 10:38:53.924 [main] INFO  DriverFactory - Navigating to URL: http://localhost/openemr
2025-12-28 10:38:54.713 [main] INFO  BaseTest - Driver initialized in BaseTest
2025-12-28 10:38:54.714 [main] INFO  LoginTests - Driver initialized in BaseTest
2025-12-28 10:38:54.725 [main] INFO  LoginTests - === Starting test: validLoginTest ===
2025-12-28 10:50:24.710 [main] INFO  DriverFactory - Initializing browser: chrome
2025-12-28 10:50:27.031 [main] INFO  DriverFactory - ChromeDriver initialized successfully
2025-12-28 10:50:27.032 [main] INFO  DriverFactory - Navigating to URL: http://localhost/openemr
2025-12-28 10:50:27.824 [main] INFO  BaseTest - Driver initialized in BaseTest
2025-12-28 10:50:27.824 [main] INFO  LoginTests - Driver initialized in BaseTest
2025-12-28 10:50:27.837 [main] INFO  LoginTests - === Starting test: validLoginTest ===
2025-12-28 10:55:06.962 [main] INFO  DriverFactory - Initializing browser: chrome
2025-12-28 10:55:08.782 [main] INFO  DriverFactory - ChromeDriver initialized successfully
2025-12-28 10:55:08.783 [main] INFO  DriverFactory - Navigating to URL: http://localhost/openemr
2025-12-28 10:55:09.849 [main] INFO  BaseTest - Driver initialized in BaseTest
2025-12-28 10:55:09.850 [main] INFO  LoginTests - Driver initialized in BaseTest
2025-12-28 10:55:09.861 [main] INFO  LoginTests - === Starting test: validLoginTest ===
2025-12-28 12:05:41.904 [main] INFO  DriverFactory - Initializing browser: chrome
2025-12-28 12:05:45.663 [main] INFO  DriverFactory - ChromeDriver initialized successfully
2025-12-28 12:05:45.664 [main] INFO  DriverFactory - Navigating to URL: http://localhost/openemr
2025-12-28 12:05:47.273 [main] INFO  BaseTest - Driver initialized in BaseTest
2025-12-28 12:05:47.273 [main] INFO  ReportTestDemo - Driver initialized in BaseTest
2025-12-28 12:05:47.299 [main] INFO  BaseTest - BaseTest.tearDown() called for method: testFail
2025-12-28 12:05:47.300 [main] ERROR ReportTestDemo - Test FAILED: testFail
java.lang.NullPointerException: Cannot invoke "com.aventstack.extentreports.ExtentTest.info(String)" because the return value of "reports.ExtentTestManager.getTest()" is null
	at reports.ExtentTestManager.logStep(ExtentTestManager.java:24) ~[classes/:?]
	at tests.ReportTestDemo.testFail(ReportTestDemo.java:21) ~[test-classes/:?]
	at java.base/jdk.internal.reflect.DirectMethodHandleAccessor.invoke(DirectMethodHandleAccessor.java:103) ~[?:?]
	at java.base/java.lang.reflect.Method.invoke(Method.java:580) ~[?:?]
	at org.testng.internal.invokers.MethodInvocationHelper.invokeMethod(MethodInvocationHelper.java:141) ~[testng-7.10.2.jar:7.10.2]
	at org.testng.internal.invokers.TestInvoker.invokeMethod(TestInvoker.java:686) ~[testng-7.10.2.jar:7.10.2]
	at org.testng.internal.invokers.TestInvoker.invokeTestMethod(TestInvoker.java:230) ~[testng-7.10.2.jar:7.10.2]
	at org.testng.internal.invokers.MethodRunner.runInSequence(MethodRunner.java:63) ~[testng-7.10.2.jar:7.10.2]
	at org.testng.internal.invokers.TestInvoker$MethodInvocationAgent.invoke(TestInvoker.java:992) ~[testng-7.10.2.jar:7.10.2]
	at org.testng.internal.invokers.TestInvoker.invokeTestMethods(TestInvoker.java:203) ~[testng-7.10.2.jar:7.10.2]
	at org.testng.internal.invokers.TestMethodWorker.invokeTestMethods(TestMethodWorker.java:154) ~[testng-7.10.2.jar:7.10.2]
	at org.testng.internal.invokers.TestMethodWorker.run(TestMethodWorker.java:134) ~[testng-7.10.2.jar:7.10.2]
	at java.base/java.util.ArrayList.forEach(ArrayList.java:1596) [?:?]
	at org.testng.TestRunner.privateRun(TestRunner.java:739) [testng-7.10.2.jar:7.10.2]
	at org.testng.TestRunner.run(TestRunner.java:614) [testng-7.10.2.jar:7.10.2]
	at org.testng.SuiteRunner.runTest(SuiteRunner.java:421) [testng-7.10.2.jar:7.10.2]
	at org.testng.SuiteRunner.runSequentially(SuiteRunner.java:413) [testng-7.10.2.jar:7.10.2]
	at org.testng.SuiteRunner.privateRun(SuiteRunner.java:373) [testng-7.10.2.jar:7.10.2]
	at org.testng.SuiteRunner.run(SuiteRunner.java:312) [testng-7.10.2.jar:7.10.2]
	at org.testng.SuiteRunnerWorker.runSuite(SuiteRunnerWorker.java:52) [testng-7.10.2.jar:7.10.2]
	at org.testng.SuiteRunnerWorker.run(SuiteRunnerWorker.java:95) [testng-7.10.2.jar:7.10.2]
	at org.testng.TestNG.runSuitesSequentially(TestNG.java:1274) [testng-7.10.2.jar:7.10.2]
	at org.testng.TestNG.runSuitesLocally(TestNG.java:1208) [testng-7.10.2.jar:7.10.2]
	at org.testng.TestNG.runSuites(TestNG.java:1112) [testng-7.10.2.jar:7.10.2]
	at org.testng.TestNG.run(TestNG.java:1079) [testng-7.10.2.jar:7.10.2]
	at org.testng.remote.AbstractRemoteTestNG.run(AbstractRemoteTestNG.java:115) [testng-remote.jar:?]
	at org.testng.remote.RemoteTestNG.initAndRun(RemoteTestNG.java:293) [testng-remote.jar:?]
	at org.testng.remote.RemoteTestNG.main(RemoteTestNG.java:91) [testng-remote.jar:?]
2025-12-28 12:05:47.518 [main] INFO  ReportTestDemo - Screenshot captured at: C:\Users\Basharmal Safi\eclipse-workspace\Openemr/screenshots/testFail_20251228_120547.png
2025-12-28 12:05:47.518 [main] INFO  DriverFactory - Quitting browser session
2025-12-28 12:05:47.697 [main] INFO  ReportTestDemo - ----- Test Teardown Completed -----
2025-12-28 12:05:47.704 [main] INFO  DriverFactory - Initializing browser: chrome
2025-12-28 12:05:48.692 [main] INFO  DriverFactory - ChromeDriver initialized successfully
2025-12-28 12:05:48.692 [main] INFO  DriverFactory - Navigating to URL: http://localhost/openemr
2025-12-28 12:05:49.545 [main] INFO  BaseTest - Driver initialized in BaseTest
2025-12-28 12:05:49.546 [main] INFO  ReportTestDemo - Driver initialized in BaseTest
2025-12-28 12:05:49.556 [main] INFO  BaseTest - BaseTest.tearDown() called for method: testPass
2025-12-28 12:05:49.556 [main] ERROR ReportTestDemo - Test FAILED: testPass
java.lang.NullPointerException: Cannot invoke "com.aventstack.extentreports.ExtentTest.info(String)" because the return value of "reports.ExtentTestManager.getTest()" is null
	at reports.ExtentTestManager.logStep(ExtentTestManager.java:24) ~[classes/:?]
	at tests.ReportTestDemo.testPass(ReportTestDemo.java:14) ~[test-classes/:?]
	at java.base/jdk.internal.reflect.DirectMethodHandleAccessor.invoke(DirectMethodHandleAccessor.java:103) ~[?:?]
	at java.base/java.lang.reflect.Method.invoke(Method.java:580) ~[?:?]
	at org.testng.internal.invokers.MethodInvocationHelper.invokeMethod(MethodInvocationHelper.java:141) ~[testng-7.10.2.jar:7.10.2]
	at org.testng.internal.invokers.TestInvoker.invokeMethod(TestInvoker.java:686) ~[testng-7.10.2.jar:7.10.2]
	at org.testng.internal.invokers.TestInvoker.invokeTestMethod(TestInvoker.java:230) ~[testng-7.10.2.jar:7.10.2]
	at org.testng.internal.invokers.MethodRunner.runInSequence(MethodRunner.java:63) ~[testng-7.10.2.jar:7.10.2]
	at org.testng.internal.invokers.TestInvoker$MethodInvocationAgent.invoke(TestInvoker.java:992) ~[testng-7.10.2.jar:7.10.2]
	at org.testng.internal.invokers.TestInvoker.invokeTestMethods(TestInvoker.java:203) ~[testng-7.10.2.jar:7.10.2]
	at org.testng.internal.invokers.TestMethodWorker.invokeTestMethods(TestMethodWorker.java:154) ~[testng-7.10.2.jar:7.10.2]
	at org.testng.internal.invokers.TestMethodWorker.run(TestMethodWorker.java:134) ~[testng-7.10.2.jar:7.10.2]
	at java.base/java.util.ArrayList.forEach(ArrayList.java:1596) [?:?]
	at org.testng.TestRunner.privateRun(TestRunner.java:739) [testng-7.10.2.jar:7.10.2]
	at org.testng.TestRunner.run(TestRunner.java:614) [testng-7.10.2.jar:7.10.2]
	at org.testng.SuiteRunner.runTest(SuiteRunner.java:421) [testng-7.10.2.jar:7.10.2]
	at org.testng.SuiteRunner.runSequentially(SuiteRunner.java:413) [testng-7.10.2.jar:7.10.2]
	at org.testng.SuiteRunner.privateRun(SuiteRunner.java:373) [testng-7.10.2.jar:7.10.2]
	at org.testng.SuiteRunner.run(SuiteRunner.java:312) [testng-7.10.2.jar:7.10.2]
	at org.testng.SuiteRunnerWorker.runSuite(SuiteRunnerWorker.java:52) [testng-7.10.2.jar:7.10.2]
	at org.testng.SuiteRunnerWorker.run(SuiteRunnerWorker.java:95) [testng-7.10.2.jar:7.10.2]
	at org.testng.TestNG.runSuitesSequentially(TestNG.java:1274) [testng-7.10.2.jar:7.10.2]
	at org.testng.TestNG.runSuitesLocally(TestNG.java:1208) [testng-7.10.2.jar:7.10.2]
	at org.testng.TestNG.runSuites(TestNG.java:1112) [testng-7.10.2.jar:7.10.2]
	at org.testng.TestNG.run(TestNG.java:1079) [testng-7.10.2.jar:7.10.2]
	at org.testng.remote.AbstractRemoteTestNG.run(AbstractRemoteTestNG.java:115) [testng-remote.jar:?]
	at org.testng.remote.RemoteTestNG.initAndRun(RemoteTestNG.java:293) [testng-remote.jar:?]
	at org.testng.remote.RemoteTestNG.main(RemoteTestNG.java:91) [testng-remote.jar:?]
2025-12-28 12:05:49.797 [main] INFO  ReportTestDemo - Screenshot captured at: C:\Users\Basharmal Safi\eclipse-workspace\Openemr/screenshots/testPass_20251228_120549.png
2025-12-28 12:05:49.797 [main] INFO  DriverFactory - Quitting browser session
2025-12-28 12:05:49.944 [main] INFO  ReportTestDemo - ----- Test Teardown Completed -----
2025-12-28 12:05:49.946 [main] INFO  DriverFactory - Initializing browser: chrome
2025-12-28 12:05:50.837 [main] INFO  DriverFactory - ChromeDriver initialized successfully
2025-12-28 12:05:50.838 [main] INFO  DriverFactory - Navigating to URL: http://localhost/openemr
2025-12-28 12:05:51.516 [main] INFO  BaseTest - Driver initialized in BaseTest
2025-12-28 12:05:51.516 [main] INFO  ReportTestDemo - Driver initialized in BaseTest
2025-12-28 12:05:51.526 [main] INFO  BaseTest - BaseTest.tearDown() called for method: testSkip
2025-12-28 12:05:51.526 [main] ERROR ReportTestDemo - Test FAILED: testSkip
java.lang.NullPointerException: Cannot invoke "com.aventstack.extentreports.ExtentTest.info(String)" because the return value of "reports.ExtentTestManager.getTest()" is null
	at reports.ExtentTestManager.logStep(ExtentTestManager.java:24) ~[classes/:?]
	at tests.ReportTestDemo.testSkip(ReportTestDemo.java:28) ~[test-classes/:?]
	at java.base/jdk.internal.reflect.DirectMethodHandleAccessor.invoke(DirectMethodHandleAccessor.java:103) ~[?:?]
	at java.base/java.lang.reflect.Method.invoke(Method.java:580) ~[?:?]
	at org.testng.internal.invokers.MethodInvocationHelper.invokeMethod(MethodInvocationHelper.java:141) ~[testng-7.10.2.jar:7.10.2]
	at org.testng.internal.invokers.TestInvoker.invokeMethod(TestInvoker.java:686) ~[testng-7.10.2.jar:7.10.2]
	at org.testng.internal.invokers.TestInvoker.invokeTestMethod(TestInvoker.java:230) ~[testng-7.10.2.jar:7.10.2]
	at org.testng.internal.invokers.MethodRunner.runInSequence(MethodRunner.java:63) ~[testng-7.10.2.jar:7.10.2]
	at org.testng.internal.invokers.TestInvoker$MethodInvocationAgent.invoke(TestInvoker.java:992) ~[testng-7.10.2.jar:7.10.2]
	at org.testng.internal.invokers.TestInvoker.invokeTestMethods(TestInvoker.java:203) ~[testng-7.10.2.jar:7.10.2]
	at org.testng.internal.invokers.TestMethodWorker.invokeTestMethods(TestMethodWorker.java:154) ~[testng-7.10.2.jar:7.10.2]
	at org.testng.internal.invokers.TestMethodWorker.run(TestMethodWorker.java:134) ~[testng-7.10.2.jar:7.10.2]
	at java.base/java.util.ArrayList.forEach(ArrayList.java:1596) [?:?]
	at org.testng.TestRunner.privateRun(TestRunner.java:739) [testng-7.10.2.jar:7.10.2]
	at org.testng.TestRunner.run(TestRunner.java:614) [testng-7.10.2.jar:7.10.2]
	at org.testng.SuiteRunner.runTest(SuiteRunner.java:421) [testng-7.10.2.jar:7.10.2]
	at org.testng.SuiteRunner.runSequentially(SuiteRunner.java:413) [testng-7.10.2.jar:7.10.2]
	at org.testng.SuiteRunner.privateRun(SuiteRunner.java:373) [testng-7.10.2.jar:7.10.2]
	at org.testng.SuiteRunner.run(SuiteRunner.java:312) [testng-7.10.2.jar:7.10.2]
	at org.testng.SuiteRunnerWorker.runSuite(SuiteRunnerWorker.java:52) [testng-7.10.2.jar:7.10.2]
	at org.testng.SuiteRunnerWorker.run(SuiteRunnerWorker.java:95) [testng-7.10.2.jar:7.10.2]
	at org.testng.TestNG.runSuitesSequentially(TestNG.java:1274) [testng-7.10.2.jar:7.10.2]
	at org.testng.TestNG.runSuitesLocally(TestNG.java:1208) [testng-7.10.2.jar:7.10.2]
	at org.testng.TestNG.runSuites(TestNG.java:1112) [testng-7.10.2.jar:7.10.2]
	at org.testng.TestNG.run(TestNG.java:1079) [testng-7.10.2.jar:7.10.2]
	at org.testng.remote.AbstractRemoteTestNG.run(AbstractRemoteTestNG.java:115) [testng-remote.jar:?]
	at org.testng.remote.RemoteTestNG.initAndRun(RemoteTestNG.java:293) [testng-remote.jar:?]
	at org.testng.remote.RemoteTestNG.main(RemoteTestNG.java:91) [testng-remote.jar:?]
2025-12-28 12:05:51.766 [main] INFO  ReportTestDemo - Screenshot captured at: C:\Users\Basharmal Safi\eclipse-workspace\Openemr/screenshots/testSkip_20251228_120551.png
2025-12-28 12:05:51.767 [main] INFO  DriverFactory - Quitting browser session
2025-12-28 12:05:52.002 [main] INFO  ReportTestDemo - ----- Test Teardown Completed -----
2025-12-28 12:05:52.038 [main] INFO  BaseTest - ===== Test Suite Execution Completed =====
2025-12-28 12:08:06.421 [main] INFO  DriverFactory - Initializing browser: chrome
2025-12-28 12:08:08.500 [main] INFO  DriverFactory - ChromeDriver initialized successfully
2025-12-28 12:08:08.501 [main] INFO  DriverFactory - Navigating to URL: http://localhost/openemr
2025-12-28 12:08:09.290 [main] INFO  BaseTest - Driver initialized in BaseTest
2025-12-28 12:08:09.291 [main] INFO  ReportTestDemo - Driver initialized in BaseTest
2025-12-28 12:08:09.310 [main] INFO  BaseTest - BaseTest.tearDown() called for method: testFail
2025-12-28 12:08:09.311 [main] ERROR ReportTestDemo - Test FAILED: testFail
java.lang.NullPointerException: Cannot invoke "com.aventstack.extentreports.ExtentTest.info(String)" because the return value of "reports.ExtentTestManager.getTest()" is null
	at reports.ExtentTestManager.logStep(ExtentTestManager.java:24) ~[classes/:?]
	at tests.ReportTestDemo.testFail(ReportTestDemo.java:21) ~[test-classes/:?]
	at java.base/jdk.internal.reflect.DirectMethodHandleAccessor.invoke(DirectMethodHandleAccessor.java:103) ~[?:?]
	at java.base/java.lang.reflect.Method.invoke(Method.java:580) ~[?:?]
	at org.testng.internal.invokers.MethodInvocationHelper.invokeMethod(MethodInvocationHelper.java:141) ~[testng-7.10.2.jar:7.10.2]
	at org.testng.internal.invokers.TestInvoker.invokeMethod(TestInvoker.java:686) ~[testng-7.10.2.jar:7.10.2]
	at org.testng.internal.invokers.TestInvoker.invokeTestMethod(TestInvoker.java:230) ~[testng-7.10.2.jar:7.10.2]
	at org.testng.internal.invokers.MethodRunner.runInSequence(MethodRunner.java:63) ~[testng-7.10.2.jar:7.10.2]
	at org.testng.internal.invokers.TestInvoker$MethodInvocationAgent.invoke(TestInvoker.java:992) ~[testng-7.10.2.jar:7.10.2]
	at org.testng.internal.invokers.TestInvoker.invokeTestMethods(TestInvoker.java:203) ~[testng-7.10.2.jar:7.10.2]
	at org.testng.internal.invokers.TestMethodWorker.invokeTestMethods(TestMethodWorker.java:154) ~[testng-7.10.2.jar:7.10.2]
	at org.testng.internal.invokers.TestMethodWorker.run(TestMethodWorker.java:134) ~[testng-7.10.2.jar:7.10.2]
	at java.base/java.util.ArrayList.forEach(ArrayList.java:1596) [?:?]
	at org.testng.TestRunner.privateRun(TestRunner.java:739) [testng-7.10.2.jar:7.10.2]
	at org.testng.TestRunner.run(TestRunner.java:614) [testng-7.10.2.jar:7.10.2]
	at org.testng.SuiteRunner.runTest(SuiteRunner.java:421) [testng-7.10.2.jar:7.10.2]
	at org.testng.SuiteRunner.runSequentially(SuiteRunner.java:413) [testng-7.10.2.jar:7.10.2]
	at org.testng.SuiteRunner.privateRun(SuiteRunner.java:373) [testng-7.10.2.jar:7.10.2]
	at org.testng.SuiteRunner.run(SuiteRunner.java:312) [testng-7.10.2.jar:7.10.2]
	at org.testng.SuiteRunnerWorker.runSuite(SuiteRunnerWorker.java:52) [testng-7.10.2.jar:7.10.2]
	at org.testng.SuiteRunnerWorker.run(SuiteRunnerWorker.java:95) [testng-7.10.2.jar:7.10.2]
	at org.testng.TestNG.runSuitesSequentially(TestNG.java:1274) [testng-7.10.2.jar:7.10.2]
	at org.testng.TestNG.runSuitesLocally(TestNG.java:1208) [testng-7.10.2.jar:7.10.2]
	at org.testng.TestNG.runSuites(TestNG.java:1112) [testng-7.10.2.jar:7.10.2]
	at org.testng.TestNG.run(TestNG.java:1079) [testng-7.10.2.jar:7.10.2]
	at org.testng.remote.AbstractRemoteTestNG.run(AbstractRemoteTestNG.java:115) [testng-remote.jar:?]
	at org.testng.remote.RemoteTestNG.initAndRun(RemoteTestNG.java:293) [testng-remote.jar:?]
	at org.testng.remote.RemoteTestNG.main(RemoteTestNG.java:91) [testng-remote.jar:?]
2025-12-28 12:08:09.544 [main] INFO  ReportTestDemo - Screenshot captured at: C:\Users\Basharmal Safi\eclipse-workspace\Openemr/screenshots/testFail_20251228_120809.png
2025-12-28 12:08:09.544 [main] INFO  DriverFactory - Quitting browser session
2025-12-28 12:08:09.742 [main] INFO  ReportTestDemo - ----- Test Teardown Completed -----
2025-12-28 12:08:09.747 [main] INFO  DriverFactory - Initializing browser: chrome
2025-12-28 12:08:10.676 [main] INFO  DriverFactory - ChromeDriver initialized successfully
2025-12-28 12:08:10.676 [main] INFO  DriverFactory - Navigating to URL: http://localhost/openemr
2025-12-28 12:08:11.462 [main] INFO  BaseTest - Driver initialized in BaseTest
2025-12-28 12:08:11.463 [main] INFO  ReportTestDemo - Driver initialized in BaseTest
2025-12-28 12:08:11.477 [main] INFO  BaseTest - BaseTest.tearDown() called for method: testPass
2025-12-28 12:08:11.477 [main] ERROR ReportTestDemo - Test FAILED: testPass
java.lang.NullPointerException: Cannot invoke "com.aventstack.extentreports.ExtentTest.info(String)" because the return value of "reports.ExtentTestManager.getTest()" is null
	at reports.ExtentTestManager.logStep(ExtentTestManager.java:24) ~[classes/:?]
	at tests.ReportTestDemo.testPass(ReportTestDemo.java:14) ~[test-classes/:?]
	at java.base/jdk.internal.reflect.DirectMethodHandleAccessor.invoke(DirectMethodHandleAccessor.java:103) ~[?:?]
	at java.base/java.lang.reflect.Method.invoke(Method.java:580) ~[?:?]
	at org.testng.internal.invokers.MethodInvocationHelper.invokeMethod(MethodInvocationHelper.java:141) ~[testng-7.10.2.jar:7.10.2]
	at org.testng.internal.invokers.TestInvoker.invokeMethod(TestInvoker.java:686) ~[testng-7.10.2.jar:7.10.2]
	at org.testng.internal.invokers.TestInvoker.invokeTestMethod(TestInvoker.java:230) ~[testng-7.10.2.jar:7.10.2]
	at org.testng.internal.invokers.MethodRunner.runInSequence(MethodRunner.java:63) ~[testng-7.10.2.jar:7.10.2]
	at org.testng.internal.invokers.TestInvoker$MethodInvocationAgent.invoke(TestInvoker.java:992) ~[testng-7.10.2.jar:7.10.2]
	at org.testng.internal.invokers.TestInvoker.invokeTestMethods(TestInvoker.java:203) ~[testng-7.10.2.jar:7.10.2]
	at org.testng.internal.invokers.TestMethodWorker.invokeTestMethods(TestMethodWorker.java:154) ~[testng-7.10.2.jar:7.10.2]
	at org.testng.internal.invokers.TestMethodWorker.run(TestMethodWorker.java:134) ~[testng-7.10.2.jar:7.10.2]
	at java.base/java.util.ArrayList.forEach(ArrayList.java:1596) [?:?]
	at org.testng.TestRunner.privateRun(TestRunner.java:739) [testng-7.10.2.jar:7.10.2]
	at org.testng.TestRunner.run(TestRunner.java:614) [testng-7.10.2.jar:7.10.2]
	at org.testng.SuiteRunner.runTest(SuiteRunner.java:421) [testng-7.10.2.jar:7.10.2]
	at org.testng.SuiteRunner.runSequentially(SuiteRunner.java:413) [testng-7.10.2.jar:7.10.2]
	at org.testng.SuiteRunner.privateRun(SuiteRunner.java:373) [testng-7.10.2.jar:7.10.2]
	at org.testng.SuiteRunner.run(SuiteRunner.java:312) [testng-7.10.2.jar:7.10.2]
	at org.testng.SuiteRunnerWorker.runSuite(SuiteRunnerWorker.java:52) [testng-7.10.2.jar:7.10.2]
	at org.testng.SuiteRunnerWorker.run(SuiteRunnerWorker.java:95) [testng-7.10.2.jar:7.10.2]
	at org.testng.TestNG.runSuitesSequentially(TestNG.java:1274) [testng-7.10.2.jar:7.10.2]
	at org.testng.TestNG.runSuitesLocally(TestNG.java:1208) [testng-7.10.2.jar:7.10.2]
	at org.testng.TestNG.runSuites(TestNG.java:1112) [testng-7.10.2.jar:7.10.2]
	at org.testng.TestNG.run(TestNG.java:1079) [testng-7.10.2.jar:7.10.2]
	at org.testng.remote.AbstractRemoteTestNG.run(AbstractRemoteTestNG.java:115) [testng-remote.jar:?]
	at org.testng.remote.RemoteTestNG.initAndRun(RemoteTestNG.java:293) [testng-remote.jar:?]
	at org.testng.remote.RemoteTestNG.main(RemoteTestNG.java:91) [testng-remote.jar:?]
2025-12-28 12:08:11.729 [main] INFO  ReportTestDemo - Screenshot captured at: C:\Users\Basharmal Safi\eclipse-workspace\Openemr/screenshots/testPass_20251228_120811.png
2025-12-28 12:08:11.729 [main] INFO  DriverFactory - Quitting browser session
2025-12-28 12:08:11.914 [main] INFO  ReportTestDemo - ----- Test Teardown Completed -----
2025-12-28 12:08:11.919 [main] INFO  DriverFactory - Initializing browser: chrome
2025-12-28 12:08:12.785 [main] INFO  DriverFactory - ChromeDriver initialized successfully
2025-12-28 12:08:12.786 [main] INFO  DriverFactory - Navigating to URL: http://localhost/openemr
2025-12-28 12:08:13.793 [main] INFO  BaseTest - Driver initialized in BaseTest
2025-12-28 12:08:13.794 [main] INFO  ReportTestDemo - Driver initialized in BaseTest
2025-12-28 12:08:13.801 [main] INFO  BaseTest - BaseTest.tearDown() called for method: testSkip
2025-12-28 12:08:13.801 [main] ERROR ReportTestDemo - Test FAILED: testSkip
java.lang.NullPointerException: Cannot invoke "com.aventstack.extentreports.ExtentTest.info(String)" because the return value of "reports.ExtentTestManager.getTest()" is null
	at reports.ExtentTestManager.logStep(ExtentTestManager.java:24) ~[classes/:?]
	at tests.ReportTestDemo.testSkip(ReportTestDemo.java:28) ~[test-classes/:?]
	at java.base/jdk.internal.reflect.DirectMethodHandleAccessor.invoke(DirectMethodHandleAccessor.java:103) ~[?:?]
	at java.base/java.lang.reflect.Method.invoke(Method.java:580) ~[?:?]
	at org.testng.internal.invokers.MethodInvocationHelper.invokeMethod(MethodInvocationHelper.java:141) ~[testng-7.10.2.jar:7.10.2]
	at org.testng.internal.invokers.TestInvoker.invokeMethod(TestInvoker.java:686) ~[testng-7.10.2.jar:7.10.2]
	at org.testng.internal.invokers.TestInvoker.invokeTestMethod(TestInvoker.java:230) ~[testng-7.10.2.jar:7.10.2]
	at org.testng.internal.invokers.MethodRunner.runInSequence(MethodRunner.java:63) ~[testng-7.10.2.jar:7.10.2]
	at org.testng.internal.invokers.TestInvoker$MethodInvocationAgent.invoke(TestInvoker.java:992) ~[testng-7.10.2.jar:7.10.2]
	at org.testng.internal.invokers.TestInvoker.invokeTestMethods(TestInvoker.java:203) ~[testng-7.10.2.jar:7.10.2]
	at org.testng.internal.invokers.TestMethodWorker.invokeTestMethods(TestMethodWorker.java:154) ~[testng-7.10.2.jar:7.10.2]
	at org.testng.internal.invokers.TestMethodWorker.run(TestMethodWorker.java:134) ~[testng-7.10.2.jar:7.10.2]
	at java.base/java.util.ArrayList.forEach(ArrayList.java:1596) [?:?]
	at org.testng.TestRunner.privateRun(TestRunner.java:739) [testng-7.10.2.jar:7.10.2]
	at org.testng.TestRunner.run(TestRunner.java:614) [testng-7.10.2.jar:7.10.2]
	at org.testng.SuiteRunner.runTest(SuiteRunner.java:421) [testng-7.10.2.jar:7.10.2]
	at org.testng.SuiteRunner.runSequentially(SuiteRunner.java:413) [testng-7.10.2.jar:7.10.2]
	at org.testng.SuiteRunner.privateRun(SuiteRunner.java:373) [testng-7.10.2.jar:7.10.2]
	at org.testng.SuiteRunner.run(SuiteRunner.java:312) [testng-7.10.2.jar:7.10.2]
	at org.testng.SuiteRunnerWorker.runSuite(SuiteRunnerWorker.java:52) [testng-7.10.2.jar:7.10.2]
	at org.testng.SuiteRunnerWorker.run(SuiteRunnerWorker.java:95) [testng-7.10.2.jar:7.10.2]
	at org.testng.TestNG.runSuitesSequentially(TestNG.java:1274) [testng-7.10.2.jar:7.10.2]
	at org.testng.TestNG.runSuitesLocally(TestNG.java:1208) [testng-7.10.2.jar:7.10.2]
	at org.testng.TestNG.runSuites(TestNG.java:1112) [testng-7.10.2.jar:7.10.2]
	at org.testng.TestNG.run(TestNG.java:1079) [testng-7.10.2.jar:7.10.2]
	at org.testng.remote.AbstractRemoteTestNG.run(AbstractRemoteTestNG.java:115) [testng-remote.jar:?]
	at org.testng.remote.RemoteTestNG.initAndRun(RemoteTestNG.java:293) [testng-remote.jar:?]
	at org.testng.remote.RemoteTestNG.main(RemoteTestNG.java:91) [testng-remote.jar:?]
2025-12-28 12:08:14.040 [main] INFO  ReportTestDemo - Screenshot captured at: C:\Users\Basharmal Safi\eclipse-workspace\Openemr/screenshots/testSkip_20251228_120813.png
2025-12-28 12:08:14.041 [main] INFO  DriverFactory - Quitting browser session
2025-12-28 12:08:14.186 [main] INFO  ReportTestDemo - ----- Test Teardown Completed -----
2025-12-28 12:08:14.228 [main] INFO  BaseTest - ===== Test Suite Execution Completed =====
2025-12-28 12:12:02.380 [main] INFO  DriverFactory - Initializing browser: chrome
2025-12-28 12:12:04.250 [main] INFO  DriverFactory - ChromeDriver initialized successfully
2025-12-28 12:12:04.250 [main] INFO  DriverFactory - Navigating to URL: http://localhost/openemr
2025-12-28 12:12:05.065 [main] INFO  BaseTest - Driver initialized in BaseTest
2025-12-28 12:12:05.066 [main] INFO  ReportTestDemo - Driver initialized in BaseTest
2025-12-28 12:12:05.090 [main] INFO  BaseTest - BaseTest.tearDown() called for method: testFail
2025-12-28 12:12:05.090 [main] ERROR ReportTestDemo - Test FAILED: testFail
java.lang.NullPointerException: Cannot invoke "com.aventstack.extentreports.ExtentTest.info(String)" because the return value of "reports.ExtentTestManager.getTest()" is null
	at reports.ExtentTestManager.logStep(ExtentTestManager.java:24) ~[classes/:?]
	at tests.ReportTestDemo.testFail(ReportTestDemo.java:21) ~[test-classes/:?]
	at java.base/jdk.internal.reflect.DirectMethodHandleAccessor.invoke(DirectMethodHandleAccessor.java:103) ~[?:?]
	at java.base/java.lang.reflect.Method.invoke(Method.java:580) ~[?:?]
	at org.testng.internal.invokers.MethodInvocationHelper.invokeMethod(MethodInvocationHelper.java:141) ~[testng-7.10.2.jar:7.10.2]
	at org.testng.internal.invokers.TestInvoker.invokeMethod(TestInvoker.java:686) ~[testng-7.10.2.jar:7.10.2]
	at org.testng.internal.invokers.TestInvoker.invokeTestMethod(TestInvoker.java:230) ~[testng-7.10.2.jar:7.10.2]
	at org.testng.internal.invokers.MethodRunner.runInSequence(MethodRunner.java:63) ~[testng-7.10.2.jar:7.10.2]
	at org.testng.internal.invokers.TestInvoker$MethodInvocationAgent.invoke(TestInvoker.java:992) ~[testng-7.10.2.jar:7.10.2]
	at org.testng.internal.invokers.TestInvoker.invokeTestMethods(TestInvoker.java:203) ~[testng-7.10.2.jar:7.10.2]
	at org.testng.internal.invokers.TestMethodWorker.invokeTestMethods(TestMethodWorker.java:154) ~[testng-7.10.2.jar:7.10.2]
	at org.testng.internal.invokers.TestMethodWorker.run(TestMethodWorker.java:134) ~[testng-7.10.2.jar:7.10.2]
	at java.base/java.util.ArrayList.forEach(ArrayList.java:1596) [?:?]
	at org.testng.TestRunner.privateRun(TestRunner.java:739) [testng-7.10.2.jar:7.10.2]
	at org.testng.TestRunner.run(TestRunner.java:614) [testng-7.10.2.jar:7.10.2]
	at org.testng.SuiteRunner.runTest(SuiteRunner.java:421) [testng-7.10.2.jar:7.10.2]
	at org.testng.SuiteRunner.runSequentially(SuiteRunner.java:413) [testng-7.10.2.jar:7.10.2]
	at org.testng.SuiteRunner.privateRun(SuiteRunner.java:373) [testng-7.10.2.jar:7.10.2]
	at org.testng.SuiteRunner.run(SuiteRunner.java:312) [testng-7.10.2.jar:7.10.2]
	at org.testng.SuiteRunnerWorker.runSuite(SuiteRunnerWorker.java:52) [testng-7.10.2.jar:7.10.2]
	at org.testng.SuiteRunnerWorker.run(SuiteRunnerWorker.java:95) [testng-7.10.2.jar:7.10.2]
	at org.testng.TestNG.runSuitesSequentially(TestNG.java:1274) [testng-7.10.2.jar:7.10.2]
	at org.testng.TestNG.runSuitesLocally(TestNG.java:1208) [testng-7.10.2.jar:7.10.2]
	at org.testng.TestNG.runSuites(TestNG.java:1112) [testng-7.10.2.jar:7.10.2]
	at org.testng.TestNG.run(TestNG.java:1079) [testng-7.10.2.jar:7.10.2]
	at org.testng.remote.AbstractRemoteTestNG.run(AbstractRemoteTestNG.java:115) [testng-remote.jar:?]
	at org.testng.remote.RemoteTestNG.initAndRun(RemoteTestNG.java:293) [testng-remote.jar:?]
	at org.testng.remote.RemoteTestNG.main(RemoteTestNG.java:91) [testng-remote.jar:?]
2025-12-28 12:12:05.327 [main] INFO  ReportTestDemo - Screenshot captured at: C:\Users\Basharmal Safi\eclipse-workspace\Openemr/screenshots/testFail_20251228_121205.png
2025-12-28 12:12:05.327 [main] INFO  DriverFactory - Quitting browser session
2025-12-28 12:12:05.526 [main] INFO  ReportTestDemo - ----- Test Teardown Completed -----
2025-12-28 12:12:05.538 [main] INFO  DriverFactory - Initializing browser: chrome
2025-12-28 12:12:06.417 [main] INFO  DriverFactory - ChromeDriver initialized successfully
2025-12-28 12:12:06.417 [main] INFO  DriverFactory - Navigating to URL: http://localhost/openemr
2025-12-28 12:12:07.231 [main] INFO  BaseTest - Driver initialized in BaseTest
2025-12-28 12:12:07.232 [main] INFO  ReportTestDemo - Driver initialized in BaseTest
2025-12-28 12:12:07.242 [main] INFO  BaseTest - BaseTest.tearDown() called for method: testPass
2025-12-28 12:12:07.242 [main] ERROR ReportTestDemo - Test FAILED: testPass
java.lang.NullPointerException: Cannot invoke "com.aventstack.extentreports.ExtentTest.info(String)" because the return value of "reports.ExtentTestManager.getTest()" is null
	at reports.ExtentTestManager.logStep(ExtentTestManager.java:24) ~[classes/:?]
	at tests.ReportTestDemo.testPass(ReportTestDemo.java:14) ~[test-classes/:?]
	at java.base/jdk.internal.reflect.DirectMethodHandleAccessor.invoke(DirectMethodHandleAccessor.java:103) ~[?:?]
	at java.base/java.lang.reflect.Method.invoke(Method.java:580) ~[?:?]
	at org.testng.internal.invokers.MethodInvocationHelper.invokeMethod(MethodInvocationHelper.java:141) ~[testng-7.10.2.jar:7.10.2]
	at org.testng.internal.invokers.TestInvoker.invokeMethod(TestInvoker.java:686) ~[testng-7.10.2.jar:7.10.2]
	at org.testng.internal.invokers.TestInvoker.invokeTestMethod(TestInvoker.java:230) ~[testng-7.10.2.jar:7.10.2]
	at org.testng.internal.invokers.MethodRunner.runInSequence(MethodRunner.java:63) ~[testng-7.10.2.jar:7.10.2]
	at org.testng.internal.invokers.TestInvoker$MethodInvocationAgent.invoke(TestInvoker.java:992) ~[testng-7.10.2.jar:7.10.2]
	at org.testng.internal.invokers.TestInvoker.invokeTestMethods(TestInvoker.java:203) ~[testng-7.10.2.jar:7.10.2]
	at org.testng.internal.invokers.TestMethodWorker.invokeTestMethods(TestMethodWorker.java:154) ~[testng-7.10.2.jar:7.10.2]
	at org.testng.internal.invokers.TestMethodWorker.run(TestMethodWorker.java:134) ~[testng-7.10.2.jar:7.10.2]
	at java.base/java.util.ArrayList.forEach(ArrayList.java:1596) [?:?]
	at org.testng.TestRunner.privateRun(TestRunner.java:739) [testng-7.10.2.jar:7.10.2]
	at org.testng.TestRunner.run(TestRunner.java:614) [testng-7.10.2.jar:7.10.2]
	at org.testng.SuiteRunner.runTest(SuiteRunner.java:421) [testng-7.10.2.jar:7.10.2]
	at org.testng.SuiteRunner.runSequentially(SuiteRunner.java:413) [testng-7.10.2.jar:7.10.2]
	at org.testng.SuiteRunner.privateRun(SuiteRunner.java:373) [testng-7.10.2.jar:7.10.2]
	at org.testng.SuiteRunner.run(SuiteRunner.java:312) [testng-7.10.2.jar:7.10.2]
	at org.testng.SuiteRunnerWorker.runSuite(SuiteRunnerWorker.java:52) [testng-7.10.2.jar:7.10.2]
	at org.testng.SuiteRunnerWorker.run(SuiteRunnerWorker.java:95) [testng-7.10.2.jar:7.10.2]
	at org.testng.TestNG.runSuitesSequentially(TestNG.java:1274) [testng-7.10.2.jar:7.10.2]
	at org.testng.TestNG.runSuitesLocally(TestNG.java:1208) [testng-7.10.2.jar:7.10.2]
	at org.testng.TestNG.runSuites(TestNG.java:1112) [testng-7.10.2.jar:7.10.2]
	at org.testng.TestNG.run(TestNG.java:1079) [testng-7.10.2.jar:7.10.2]
	at org.testng.remote.AbstractRemoteTestNG.run(AbstractRemoteTestNG.java:115) [testng-remote.jar:?]
	at org.testng.remote.RemoteTestNG.initAndRun(RemoteTestNG.java:293) [testng-remote.jar:?]
	at org.testng.remote.RemoteTestNG.main(RemoteTestNG.java:91) [testng-remote.jar:?]
2025-12-28 12:12:07.485 [main] INFO  ReportTestDemo - Screenshot captured at: C:\Users\Basharmal Safi\eclipse-workspace\Openemr/screenshots/testPass_20251228_121207.png
2025-12-28 12:12:07.486 [main] INFO  DriverFactory - Quitting browser session
2025-12-28 12:12:07.645 [main] INFO  ReportTestDemo - ----- Test Teardown Completed -----
2025-12-28 12:12:07.647 [main] INFO  DriverFactory - Initializing browser: chrome
2025-12-28 12:12:08.592 [main] INFO  DriverFactory - ChromeDriver initialized successfully
2025-12-28 12:12:08.592 [main] INFO  DriverFactory - Navigating to URL: http://localhost/openemr
2025-12-28 12:12:09.392 [main] INFO  BaseTest - Driver initialized in BaseTest
2025-12-28 12:12:09.392 [main] INFO  ReportTestDemo - Driver initialized in BaseTest
2025-12-28 12:12:09.399 [main] INFO  BaseTest - BaseTest.tearDown() called for method: testSkip
2025-12-28 12:12:09.399 [main] ERROR ReportTestDemo - Test FAILED: testSkip
java.lang.NullPointerException: Cannot invoke "com.aventstack.extentreports.ExtentTest.info(String)" because the return value of "reports.ExtentTestManager.getTest()" is null
	at reports.ExtentTestManager.logStep(ExtentTestManager.java:24) ~[classes/:?]
	at tests.ReportTestDemo.testSkip(ReportTestDemo.java:28) ~[test-classes/:?]
	at java.base/jdk.internal.reflect.DirectMethodHandleAccessor.invoke(DirectMethodHandleAccessor.java:103) ~[?:?]
	at java.base/java.lang.reflect.Method.invoke(Method.java:580) ~[?:?]
	at org.testng.internal.invokers.MethodInvocationHelper.invokeMethod(MethodInvocationHelper.java:141) ~[testng-7.10.2.jar:7.10.2]
	at org.testng.internal.invokers.TestInvoker.invokeMethod(TestInvoker.java:686) ~[testng-7.10.2.jar:7.10.2]
	at org.testng.internal.invokers.TestInvoker.invokeTestMethod(TestInvoker.java:230) ~[testng-7.10.2.jar:7.10.2]
	at org.testng.internal.invokers.MethodRunner.runInSequence(MethodRunner.java:63) ~[testng-7.10.2.jar:7.10.2]
	at org.testng.internal.invokers.TestInvoker$MethodInvocationAgent.invoke(TestInvoker.java:992) ~[testng-7.10.2.jar:7.10.2]
	at org.testng.internal.invokers.TestInvoker.invokeTestMethods(TestInvoker.java:203) ~[testng-7.10.2.jar:7.10.2]
	at org.testng.internal.invokers.TestMethodWorker.invokeTestMethods(TestMethodWorker.java:154) ~[testng-7.10.2.jar:7.10.2]
	at org.testng.internal.invokers.TestMethodWorker.run(TestMethodWorker.java:134) ~[testng-7.10.2.jar:7.10.2]
	at java.base/java.util.ArrayList.forEach(ArrayList.java:1596) [?:?]
	at org.testng.TestRunner.privateRun(TestRunner.java:739) [testng-7.10.2.jar:7.10.2]
	at org.testng.TestRunner.run(TestRunner.java:614) [testng-7.10.2.jar:7.10.2]
	at org.testng.SuiteRunner.runTest(SuiteRunner.java:421) [testng-7.10.2.jar:7.10.2]
	at org.testng.SuiteRunner.runSequentially(SuiteRunner.java:413) [testng-7.10.2.jar:7.10.2]
	at org.testng.SuiteRunner.privateRun(SuiteRunner.java:373) [testng-7.10.2.jar:7.10.2]
	at org.testng.SuiteRunner.run(SuiteRunner.java:312) [testng-7.10.2.jar:7.10.2]
	at org.testng.SuiteRunnerWorker.runSuite(SuiteRunnerWorker.java:52) [testng-7.10.2.jar:7.10.2]
	at org.testng.SuiteRunnerWorker.run(SuiteRunnerWorker.java:95) [testng-7.10.2.jar:7.10.2]
	at org.testng.TestNG.runSuitesSequentially(TestNG.java:1274) [testng-7.10.2.jar:7.10.2]
	at org.testng.TestNG.runSuitesLocally(TestNG.java:1208) [testng-7.10.2.jar:7.10.2]
	at org.testng.TestNG.runSuites(TestNG.java:1112) [testng-7.10.2.jar:7.10.2]
	at org.testng.TestNG.run(TestNG.java:1079) [testng-7.10.2.jar:7.10.2]
	at org.testng.remote.AbstractRemoteTestNG.run(AbstractRemoteTestNG.java:115) [testng-remote.jar:?]
	at org.testng.remote.RemoteTestNG.initAndRun(RemoteTestNG.java:293) [testng-remote.jar:?]
	at org.testng.remote.RemoteTestNG.main(RemoteTestNG.java:91) [testng-remote.jar:?]
2025-12-28 12:12:09.656 [main] INFO  ReportTestDemo - Screenshot captured at: C:\Users\Basharmal Safi\eclipse-workspace\Openemr/screenshots/testSkip_20251228_121209.png
2025-12-28 12:12:09.656 [main] INFO  DriverFactory - Quitting browser session
2025-12-28 12:12:09.840 [main] INFO  ReportTestDemo - ----- Test Teardown Completed -----
2025-12-28 12:12:09.882 [main] INFO  BaseTest - ===== Test Suite Execution Completed =====
2025-12-28 12:19:37.526 [TestNG-test-OpenEMR Regression-1] INFO  DriverFactory - Initializing browser: chrome
2025-12-28 12:19:39.899 [TestNG-test-OpenEMR Regression-1] INFO  DriverFactory - ChromeDriver initialized successfully
2025-12-28 12:19:39.900 [TestNG-test-OpenEMR Regression-1] INFO  DriverFactory - Navigating to URL: http://localhost/openemr
2025-12-28 12:19:40.676 [TestNG-test-OpenEMR Regression-1] INFO  BaseTest - Driver initialized in BaseTest
2025-12-28 12:19:40.676 [TestNG-test-OpenEMR Regression-1] INFO  LoginTests - Driver initialized in BaseTest
2025-12-28 12:19:40.688 [TestNG-test-OpenEMR Regression-1] INFO  TestListener - Test Started: validLoginTest
2025-12-28 12:19:40.703 [TestNG-test-OpenEMR Regression-1] INFO  LoginTests - === Starting test: validLoginTest ===
2025-12-28 12:19:47.011 [TestNG-test-Report Test-2] INFO  DriverFactory - Initializing browser: chrome
2025-12-28 12:19:47.011 [TestNG-test-Report Test-1] INFO  DriverFactory - Initializing browser: chrome
2025-12-28 12:19:47.012 [TestNG-test-Report Test-3] INFO  DriverFactory - Initializing browser: chrome
2025-12-28 12:19:48.383 [TestNG-test-Report Test-2] INFO  DriverFactory - ChromeDriver initialized successfully
2025-12-28 12:19:48.383 [TestNG-test-Report Test-2] INFO  DriverFactory - Navigating to URL: http://localhost/openemr
2025-12-28 12:19:48.465 [TestNG-test-Report Test-1] INFO  DriverFactory - ChromeDriver initialized successfully
2025-12-28 12:19:48.466 [TestNG-test-Report Test-1] INFO  DriverFactory - Navigating to URL: http://localhost/openemr
2025-12-28 12:19:48.490 [TestNG-test-Report Test-3] INFO  DriverFactory - ChromeDriver initialized successfully
2025-12-28 12:19:48.491 [TestNG-test-Report Test-3] INFO  DriverFactory - Navigating to URL: http://localhost/openemr
2025-12-28 12:19:49.369 [TestNG-test-Report Test-1] INFO  BaseTest - Driver initialized in BaseTest
2025-12-28 12:19:49.369 [TestNG-test-Report Test-1] INFO  ReportTestDemo - Driver initialized in BaseTest
2025-12-28 12:19:49.374 [TestNG-test-Report Test-1] INFO  TestListener - Test Started: testFail
2025-12-28 12:19:49.410 [TestNG-test-Report Test-3] INFO  BaseTest - Driver initialized in BaseTest
2025-12-28 12:19:49.412 [TestNG-test-Report Test-3] INFO  ReportTestDemo - Driver initialized in BaseTest
2025-12-28 12:19:49.413 [TestNG-test-Report Test-2] INFO  BaseTest - Driver initialized in BaseTest
2025-12-28 12:19:49.414 [TestNG-test-Report Test-2] INFO  ReportTestDemo - Driver initialized in BaseTest
2025-12-28 12:19:49.415 [TestNG-test-Report Test-3] INFO  TestListener - Test Started: testSkip
2025-12-28 12:19:49.420 [TestNG-test-Report Test-2] INFO  TestListener - Test Started: testPass
2025-12-28 12:19:49.421 [TestNG-test-Report Test-3] WARN  TestListener - Test Skipped: testSkip
2025-12-28 12:19:49.423 [TestNG-test-Report Test-2] INFO  TestListener - Test Passed: testPass
2025-12-28 12:19:49.429 [TestNG-test-Report Test-3] INFO  BaseTest - BaseTest.tearDown() called for method: testSkip
2025-12-28 12:19:49.430 [TestNG-test-Report Test-3] WARN  ReportTestDemo - Test SKIPPED: testSkip
2025-12-28 12:19:49.430 [TestNG-test-Report Test-3] INFO  DriverFactory - Quitting browser session
2025-12-28 12:19:49.434 [TestNG-test-Report Test-2] INFO  BaseTest - BaseTest.tearDown() called for method: testPass
2025-12-28 12:19:49.435 [TestNG-test-Report Test-2] INFO  ReportTestDemo - Test PASSED: testPass
2025-12-28 12:19:49.435 [TestNG-test-Report Test-2] INFO  DriverFactory - Quitting browser session
2025-12-28 12:19:49.837 [TestNG-test-Report Test-2] INFO  ReportTestDemo - ----- Test Teardown Completed -----
2025-12-28 12:19:50.007 [TestNG-test-Report Test-1] ERROR TestListener - Test Failed: testFail
java.lang.AssertionError: Intentional failure for testing report
	at org.testng.Assert.fail(Assert.java:111) ~[testng-7.10.2.jar:7.10.2]
	at tests.ReportTestDemo.testFail(ReportTestDemo.java:23) ~[test-classes/:?]
	at java.base/jdk.internal.reflect.DirectMethodHandleAccessor.invoke(DirectMethodHandleAccessor.java:103) ~[?:?]
	at java.base/java.lang.reflect.Method.invoke(Method.java:580) ~[?:?]
	at org.testng.internal.invokers.MethodInvocationHelper.invokeMethod(MethodInvocationHelper.java:141) ~[testng-7.10.2.jar:7.10.2]
	at org.testng.internal.invokers.TestInvoker.invokeMethod(TestInvoker.java:686) ~[testng-7.10.2.jar:7.10.2]
	at org.testng.internal.invokers.TestInvoker.invokeTestMethod(TestInvoker.java:230) ~[testng-7.10.2.jar:7.10.2]
	at org.testng.internal.invokers.MethodRunner.runInSequence(MethodRunner.java:63) ~[testng-7.10.2.jar:7.10.2]
	at org.testng.internal.invokers.TestInvoker$MethodInvocationAgent.invoke(TestInvoker.java:992) ~[testng-7.10.2.jar:7.10.2]
	at org.testng.internal.invokers.TestInvoker.invokeTestMethods(TestInvoker.java:203) ~[testng-7.10.2.jar:7.10.2]
	at org.testng.internal.invokers.TestMethodWorker.invokeTestMethods(TestMethodWorker.java:154) ~[testng-7.10.2.jar:7.10.2]
	at org.testng.internal.invokers.TestMethodWorker.run(TestMethodWorker.java:134) ~[testng-7.10.2.jar:7.10.2]
	at java.base/java.util.concurrent.Executors$RunnableAdapter.call(Executors.java:572) ~[?:?]
	at java.base/java.util.concurrent.FutureTask.run(FutureTask.java:317) ~[?:?]
	at org.testng.internal.thread.graph.TestNGFutureTask.run(TestNGFutureTask.java:22) ~[testng-7.10.2.jar:7.10.2]
	at java.base/java.util.concurrent.ThreadPoolExecutor.runWorker(ThreadPoolExecutor.java:1144) ~[?:?]
	at java.base/java.util.concurrent.ThreadPoolExecutor$Worker.run(ThreadPoolExecutor.java:642) ~[?:?]
	at java.base/java.lang.Thread.run(Thread.java:1583) [?:?]
2025-12-28 12:19:50.029 [TestNG-test-Report Test-1] INFO  BaseTest - BaseTest.tearDown() called for method: testFail
2025-12-28 12:19:50.029 [TestNG-test-Report Test-1] ERROR ReportTestDemo - Test FAILED: testFail
java.lang.AssertionError: Intentional failure for testing report
	at org.testng.Assert.fail(Assert.java:111) ~[testng-7.10.2.jar:7.10.2]
	at tests.ReportTestDemo.testFail(ReportTestDemo.java:23) ~[test-classes/:?]
	at java.base/jdk.internal.reflect.DirectMethodHandleAccessor.invoke(DirectMethodHandleAccessor.java:103) ~[?:?]
	at java.base/java.lang.reflect.Method.invoke(Method.java:580) ~[?:?]
	at org.testng.internal.invokers.MethodInvocationHelper.invokeMethod(MethodInvocationHelper.java:141) ~[testng-7.10.2.jar:7.10.2]
	at org.testng.internal.invokers.TestInvoker.invokeMethod(TestInvoker.java:686) ~[testng-7.10.2.jar:7.10.2]
	at org.testng.internal.invokers.TestInvoker.invokeTestMethod(TestInvoker.java:230) ~[testng-7.10.2.jar:7.10.2]
	at org.testng.internal.invokers.MethodRunner.runInSequence(MethodRunner.java:63) ~[testng-7.10.2.jar:7.10.2]
	at org.testng.internal.invokers.TestInvoker$MethodInvocationAgent.invoke(TestInvoker.java:992) ~[testng-7.10.2.jar:7.10.2]
	at org.testng.internal.invokers.TestInvoker.invokeTestMethods(TestInvoker.java:203) ~[testng-7.10.2.jar:7.10.2]
	at org.testng.internal.invokers.TestMethodWorker.invokeTestMethods(TestMethodWorker.java:154) ~[testng-7.10.2.jar:7.10.2]
	at org.testng.internal.invokers.TestMethodWorker.run(TestMethodWorker.java:134) ~[testng-7.10.2.jar:7.10.2]
	at java.base/java.util.concurrent.Executors$RunnableAdapter.call(Executors.java:572) ~[?:?]
	at java.base/java.util.concurrent.FutureTask.run(FutureTask.java:317) ~[?:?]
	at org.testng.internal.thread.graph.TestNGFutureTask.run(TestNGFutureTask.java:22) ~[testng-7.10.2.jar:7.10.2]
	at java.base/java.util.concurrent.ThreadPoolExecutor.runWorker(ThreadPoolExecutor.java:1144) ~[?:?]
	at java.base/java.util.concurrent.ThreadPoolExecutor$Worker.run(ThreadPoolExecutor.java:642) ~[?:?]
	at java.base/java.lang.Thread.run(Thread.java:1583) [?:?]
2025-12-28 12:19:50.156 [TestNG-test-Report Test-1] INFO  ReportTestDemo - Screenshot captured at: C:\Users\Basharmal Safi\eclipse-workspace\Openemr/screenshots/testFail_20251228_121950.png
2025-12-28 12:19:50.156 [TestNG-test-Report Test-1] INFO  ReportTestDemo - ----- Test Teardown Completed -----
2025-12-28 12:21:49.050 [TestNG-test-OpenEMR Regression-1] INFO  DriverFactory - Initializing browser: chrome
2025-12-28 12:21:51.994 [TestNG-test-OpenEMR Regression-1] INFO  DriverFactory - ChromeDriver initialized successfully
2025-12-28 12:21:51.995 [TestNG-test-OpenEMR Regression-1] INFO  DriverFactory - Navigating to URL: http://localhost/openemr
2025-12-28 12:21:52.839 [TestNG-test-OpenEMR Regression-1] INFO  BaseTest - Driver initialized in BaseTest
2025-12-28 12:21:52.839 [TestNG-test-OpenEMR Regression-1] INFO  LoginTests - Driver initialized in BaseTest
2025-12-28 12:21:52.851 [TestNG-test-OpenEMR Regression-1] INFO  TestListener - Test Started: validLoginTest
2025-12-28 12:21:52.865 [TestNG-test-OpenEMR Regression-1] INFO  LoginTests - === Starting test: validLoginTest ===
2025-12-28 12:21:58.567 [TestNG-test-Report Test-3] INFO  DriverFactory - Initializing browser: chrome
2025-12-28 12:21:58.567 [TestNG-test-Report Test-2] INFO  DriverFactory - Initializing browser: chrome
2025-12-28 12:21:58.567 [TestNG-test-Report Test-1] INFO  DriverFactory - Initializing browser: chrome
2025-12-28 12:22:00.220 [TestNG-test-Report Test-1] INFO  DriverFactory - ChromeDriver initialized successfully
2025-12-28 12:22:00.221 [TestNG-test-Report Test-1] INFO  DriverFactory - Navigating to URL: http://localhost/openemr
2025-12-28 12:22:00.229 [TestNG-test-Report Test-2] INFO  DriverFactory - ChromeDriver initialized successfully
2025-12-28 12:22:00.230 [TestNG-test-Report Test-2] INFO  DriverFactory - Navigating to URL: http://localhost/openemr
2025-12-28 12:22:00.298 [TestNG-test-Report Test-3] INFO  DriverFactory - ChromeDriver initialized successfully
2025-12-28 12:22:00.298 [TestNG-test-Report Test-3] INFO  DriverFactory - Navigating to URL: http://localhost/openemr
2025-12-28 12:22:01.234 [TestNG-test-Report Test-3] INFO  BaseTest - Driver initialized in BaseTest
2025-12-28 12:22:01.234 [TestNG-test-Report Test-3] INFO  ReportTestDemo - Driver initialized in BaseTest
2025-12-28 12:22:01.237 [TestNG-test-Report Test-3] INFO  TestListener - Test Started: testSkip
2025-12-28 12:22:01.234 [TestNG-test-Report Test-2] INFO  BaseTest - Driver initialized in BaseTest
2025-12-28 12:22:01.240 [TestNG-test-Report Test-2] INFO  ReportTestDemo - Driver initialized in BaseTest
2025-12-28 12:22:01.241 [TestNG-test-Report Test-3] WARN  TestListener - Test Skipped: testSkip
2025-12-28 12:22:01.243 [TestNG-test-Report Test-2] INFO  TestListener - Test Started: testPass
2025-12-28 12:22:01.246 [TestNG-test-Report Test-2] INFO  TestListener - Test Passed: testPass
2025-12-28 12:22:01.249 [TestNG-test-Report Test-3] INFO  BaseTest - BaseTest.tearDown() called for method: testSkip
2025-12-28 12:22:01.250 [TestNG-test-Report Test-3] WARN  ReportTestDemo - Test SKIPPED: testSkip
2025-12-28 12:22:01.251 [TestNG-test-Report Test-3] INFO  DriverFactory - Quitting browser session
2025-12-28 12:22:01.262 [TestNG-test-Report Test-2] INFO  BaseTest - BaseTest.tearDown() called for method: testPass
2025-12-28 12:22:01.263 [TestNG-test-Report Test-2] INFO  ReportTestDemo - Test PASSED: testPass
2025-12-28 12:22:01.263 [TestNG-test-Report Test-2] INFO  DriverFactory - Quitting browser session
2025-12-28 12:22:01.269 [TestNG-test-Report Test-1] INFO  BaseTest - Driver initialized in BaseTest
2025-12-28 12:22:01.270 [TestNG-test-Report Test-1] INFO  ReportTestDemo - Driver initialized in BaseTest
2025-12-28 12:22:01.273 [TestNG-test-Report Test-1] INFO  TestListener - Test Started: testFail
2025-12-28 12:22:01.646 [TestNG-test-Report Test-3] INFO  ReportTestDemo - ----- Test Teardown Completed -----
2025-12-28 12:38:16.570 [TestNG-test-OpenEMR Regression-1] INFO  DriverFactory - Initializing browser: chrome
2025-12-28 12:38:19.006 [TestNG-test-OpenEMR Regression-1] INFO  DriverFactory - ChromeDriver initialized successfully
2025-12-28 12:38:19.007 [TestNG-test-OpenEMR Regression-1] INFO  DriverFactory - Navigating to URL: http://localhost/openemr
2025-12-28 12:38:19.868 [TestNG-test-OpenEMR Regression-1] INFO  BaseTest - Driver initialized in BaseTest
2025-12-28 12:38:19.869 [TestNG-test-OpenEMR Regression-1] INFO  LoginTests - Driver initialized in BaseTest
2025-12-28 12:38:19.881 [TestNG-test-OpenEMR Regression-1] INFO  TestListener - Test Started: validLoginTest
2025-12-28 12:38:19.897 [TestNG-test-OpenEMR Regression-1] INFO  LoginTests - === Starting test: validLoginTest ===
2025-12-28 12:38:26.181 [TestNG-test-Report Test-2] INFO  DriverFactory - Initializing browser: chrome
2025-12-28 12:38:26.182 [TestNG-test-Report Test-1] INFO  DriverFactory - Initializing browser: chrome
2025-12-28 12:38:26.182 [TestNG-test-Report Test-3] INFO  DriverFactory - Initializing browser: chrome
2025-12-28 12:38:27.985 [TestNG-test-Report Test-1] INFO  DriverFactory - ChromeDriver initialized successfully
2025-12-28 12:38:27.986 [TestNG-test-Report Test-1] INFO  DriverFactory - Navigating to URL: http://localhost/openemr
2025-12-28 12:38:28.358 [TestNG-test-Report Test-3] INFO  DriverFactory - ChromeDriver initialized successfully
2025-12-28 12:38:28.359 [TestNG-test-Report Test-3] INFO  DriverFactory - Navigating to URL: http://localhost/openemr
2025-12-28 12:38:28.378 [TestNG-test-Report Test-2] INFO  DriverFactory - ChromeDriver initialized successfully
2025-12-28 12:38:28.378 [TestNG-test-Report Test-2] INFO  DriverFactory - Navigating to URL: http://localhost/openemr
2025-12-28 12:38:30.162 [TestNG-test-Report Test-3] INFO  BaseTest - Driver initialized in BaseTest
2025-12-28 12:38:30.162 [TestNG-test-Report Test-3] INFO  ReportTestDemo - Driver initialized in BaseTest
2025-12-28 12:38:30.165 [TestNG-test-Report Test-3] INFO  TestListener - Test Started: testSkip
2025-12-28 12:38:30.173 [TestNG-test-Report Test-3] WARN  TestListener - Test Skipped: testSkip
2025-12-28 12:38:30.177 [TestNG-test-Report Test-3] INFO  BaseTest - BaseTest.tearDown() called for method: testSkip
2025-12-28 12:38:30.178 [TestNG-test-Report Test-3] WARN  ReportTestDemo - Test SKIPPED: testSkip
2025-12-28 12:38:30.178 [TestNG-test-Report Test-3] INFO  DriverFactory - Quitting browser session
2025-12-28 12:38:30.238 [TestNG-test-Report Test-2] INFO  BaseTest - Driver initialized in BaseTest
2025-12-28 12:38:30.239 [TestNG-test-Report Test-2] INFO  ReportTestDemo - Driver initialized in BaseTest
2025-12-28 12:38:30.245 [TestNG-test-Report Test-2] INFO  TestListener - Test Started: testPass
2025-12-28 12:38:30.248 [TestNG-test-Report Test-2] INFO  TestListener - Test Passed: testPass
2025-12-28 12:38:30.254 [TestNG-test-Report Test-2] INFO  BaseTest - BaseTest.tearDown() called for method: testPass
2025-12-28 12:38:30.254 [TestNG-test-Report Test-2] INFO  ReportTestDemo - Test PASSED: testPass
2025-12-28 12:38:30.255 [TestNG-test-Report Test-2] INFO  DriverFactory - Quitting browser session
2025-12-28 12:38:30.298 [TestNG-test-Report Test-1] INFO  BaseTest - Driver initialized in BaseTest
2025-12-28 12:38:30.299 [TestNG-test-Report Test-1] INFO  ReportTestDemo - Driver initialized in BaseTest
2025-12-28 12:38:30.303 [TestNG-test-Report Test-1] INFO  TestListener - Test Started: testFail
2025-12-28 12:38:30.909 [TestNG-test-Report Test-3] INFO  ReportTestDemo - ----- Test Teardown Completed -----
2025-12-28 12:40:04.295 [TestNG-tests-2] INFO  DriverFactory - Initializing browser: chrome
2025-12-28 12:40:04.304 [TestNG-tests-1] INFO  DriverFactory - Initializing browser: chrome
2025-12-28 12:40:06.161 [TestNG-tests-1] INFO  DriverFactory - Initializing browser: chrome
2025-12-28 12:40:06.161 [TestNG-tests-2] INFO  DriverFactory - Initializing browser: chrome
2025-12-28 12:40:08.257 [TestNG-tests-1] INFO  DriverFactory - ChromeDriver initialized successfully
2025-12-28 12:40:08.257 [TestNG-tests-2] INFO  DriverFactory - ChromeDriver initialized successfully
2025-12-28 12:40:08.258 [TestNG-tests-1] INFO  DriverFactory - Navigating to URL: http://localhost/openemr
2025-12-28 12:40:08.258 [TestNG-tests-2] INFO  DriverFactory - Navigating to URL: http://localhost/openemr
2025-12-28 12:40:09.541 [TestNG-tests-1] INFO  DriverFactory - ChromeDriver initialized successfully
2025-12-28 12:40:09.541 [TestNG-tests-2] INFO  DriverFactory - ChromeDriver initialized successfully
2025-12-28 12:40:09.542 [TestNG-tests-1] INFO  DriverFactory - Navigating to URL: http://localhost/openemr
2025-12-28 12:40:09.542 [TestNG-tests-2] INFO  DriverFactory - Navigating to URL: http://localhost/openemr
2025-12-28 12:40:10.183 [TestNG-tests-1] INFO  BaseTest - Driver initialized in BaseTest
2025-12-28 12:40:10.184 [TestNG-tests-1] INFO  LoginTests - Driver initialized in BaseTest
2025-12-28 12:40:10.207 [TestNG-tests-1] INFO  TestListener - Test Started: validLoginTest
2025-12-28 12:40:10.245 [TestNG-tests-1] INFO  LoginTests - === Starting test: validLoginTest ===
2025-12-28 12:40:10.279 [TestNG-tests-2] INFO  BaseTest - Driver initialized in BaseTest
2025-12-28 12:40:10.280 [TestNG-tests-2] INFO  ReportTestDemo - Driver initialized in BaseTest
2025-12-28 12:40:10.286 [TestNG-tests-2] INFO  TestListener - Test Started: testFail
2025-12-28 12:40:10.575 [TestNG-tests-2] INFO  BaseTest - Driver initialized in BaseTest
2025-12-28 12:40:10.577 [TestNG-tests-2] INFO  ReportTestDemo - Driver initialized in BaseTest
2025-12-28 12:40:10.618 [TestNG-tests-2] INFO  TestListener - Test Started: testFail
2025-12-28 12:40:10.664 [TestNG-tests-2] ERROR TestListener - Test Failed: testFail
java.lang.AssertionError: Intentional failure for testing report
	at org.testng.Assert.fail(Assert.java:111) ~[testng-7.10.2.jar:7.10.2]
	at tests.ReportTestDemo.testFail(ReportTestDemo.java:23) ~[test-classes/:?]
	at java.base/jdk.internal.reflect.DirectMethodHandleAccessor.invoke(DirectMethodHandleAccessor.java:103) ~[?:?]
	at java.base/java.lang.reflect.Method.invoke(Method.java:580) ~[?:?]
	at org.testng.internal.invokers.MethodInvocationHelper.invokeMethod(MethodInvocationHelper.java:141) ~[testng-7.10.2.jar:7.10.2]
	at org.testng.internal.invokers.TestInvoker.invokeMethod(TestInvoker.java:686) ~[testng-7.10.2.jar:7.10.2]
	at org.testng.internal.invokers.TestInvoker.invokeTestMethod(TestInvoker.java:230) ~[testng-7.10.2.jar:7.10.2]
	at org.testng.internal.invokers.MethodRunner.runInSequence(MethodRunner.java:63) ~[testng-7.10.2.jar:7.10.2]
	at org.testng.internal.invokers.TestInvoker$MethodInvocationAgent.invoke(TestInvoker.java:992) ~[testng-7.10.2.jar:7.10.2]
	at org.testng.internal.invokers.TestInvoker.invokeTestMethods(TestInvoker.java:203) ~[testng-7.10.2.jar:7.10.2]
	at org.testng.internal.invokers.TestMethodWorker.invokeTestMethods(TestMethodWorker.java:154) ~[testng-7.10.2.jar:7.10.2]
	at org.testng.internal.invokers.TestMethodWorker.run(TestMethodWorker.java:134) ~[testng-7.10.2.jar:7.10.2]
	at java.base/java.util.ArrayList.forEach(ArrayList.java:1596) ~[?:?]
	at org.testng.TestRunner.privateRun(TestRunner.java:739) ~[testng-7.10.2.jar:7.10.2]
	at org.testng.TestRunner.run(TestRunner.java:614) ~[testng-7.10.2.jar:7.10.2]
	at org.testng.SuiteRunner.runTest(SuiteRunner.java:421) ~[testng-7.10.2.jar:7.10.2]
	at org.testng.SuiteRunner$SuiteWorker.run(SuiteRunner.java:463) ~[testng-7.10.2.jar:7.10.2]
	at org.testng.internal.thread.ThreadUtil.lambda$execute$0(ThreadUtil.java:64) ~[testng-7.10.2.jar:7.10.2]
	at java.base/java.util.concurrent.FutureTask.run(FutureTask.java:317) ~[?:?]
	at java.base/java.util.concurrent.ThreadPoolExecutor.runWorker(ThreadPoolExecutor.java:1144) ~[?:?]
	at java.base/java.util.concurrent.ThreadPoolExecutor$Worker.run(ThreadPoolExecutor.java:642) ~[?:?]
	at java.base/java.lang.Thread.run(Thread.java:1583) [?:?]
2025-12-28 12:40:10.696 [TestNG-tests-2] INFO  BaseTest - BaseTest.tearDown() called for method: testFail
2025-12-28 12:40:10.697 [TestNG-tests-2] ERROR ReportTestDemo - Test FAILED: testFail
java.lang.AssertionError: Intentional failure for testing report
	at org.testng.Assert.fail(Assert.java:111) ~[testng-7.10.2.jar:7.10.2]
	at tests.ReportTestDemo.testFail(ReportTestDemo.java:23) ~[test-classes/:?]
	at java.base/jdk.internal.reflect.DirectMethodHandleAccessor.invoke(DirectMethodHandleAccessor.java:103) ~[?:?]
	at java.base/java.lang.reflect.Method.invoke(Method.java:580) ~[?:?]
	at org.testng.internal.invokers.MethodInvocationHelper.invokeMethod(MethodInvocationHelper.java:141) ~[testng-7.10.2.jar:7.10.2]
	at org.testng.internal.invokers.TestInvoker.invokeMethod(TestInvoker.java:686) ~[testng-7.10.2.jar:7.10.2]
	at org.testng.internal.invokers.TestInvoker.invokeTestMethod(TestInvoker.java:230) ~[testng-7.10.2.jar:7.10.2]
	at org.testng.internal.invokers.MethodRunner.runInSequence(MethodRunner.java:63) ~[testng-7.10.2.jar:7.10.2]
	at org.testng.internal.invokers.TestInvoker$MethodInvocationAgent.invoke(TestInvoker.java:992) ~[testng-7.10.2.jar:7.10.2]
	at org.testng.internal.invokers.TestInvoker.invokeTestMethods(TestInvoker.java:203) ~[testng-7.10.2.jar:7.10.2]
	at org.testng.internal.invokers.TestMethodWorker.invokeTestMethods(TestMethodWorker.java:154) ~[testng-7.10.2.jar:7.10.2]
	at org.testng.internal.invokers.TestMethodWorker.run(TestMethodWorker.java:134) ~[testng-7.10.2.jar:7.10.2]
	at java.base/java.util.ArrayList.forEach(ArrayList.java:1596) ~[?:?]
	at org.testng.TestRunner.privateRun(TestRunner.java:739) ~[testng-7.10.2.jar:7.10.2]
	at org.testng.TestRunner.run(TestRunner.java:614) ~[testng-7.10.2.jar:7.10.2]
	at org.testng.SuiteRunner.runTest(SuiteRunner.java:421) ~[testng-7.10.2.jar:7.10.2]
	at org.testng.SuiteRunner$SuiteWorker.run(SuiteRunner.java:463) ~[testng-7.10.2.jar:7.10.2]
	at org.testng.internal.thread.ThreadUtil.lambda$execute$0(ThreadUtil.java:64) ~[testng-7.10.2.jar:7.10.2]
	at java.base/java.util.concurrent.FutureTask.run(FutureTask.java:317) ~[?:?]
	at java.base/java.util.concurrent.ThreadPoolExecutor.runWorker(ThreadPoolExecutor.java:1144) ~[?:?]
	at java.base/java.util.concurrent.ThreadPoolExecutor$Worker.run(ThreadPoolExecutor.java:642) ~[?:?]
	at java.base/java.lang.Thread.run(Thread.java:1583) [?:?]
2025-12-28 12:40:10.848 [TestNG-tests-1] INFO  BaseTest - Driver initialized in BaseTest
2025-12-28 12:40:10.849 [TestNG-tests-1] INFO  LoginTests - Driver initialized in BaseTest
2025-12-28 12:40:10.854 [TestNG-tests-1] INFO  TestListener - Test Started: validLoginTest
2025-12-28 12:40:10.856 [TestNG-tests-1] INFO  LoginTests - === Starting test: validLoginTest ===
2025-12-28 12:40:10.944 [TestNG-tests-2] INFO  ReportTestDemo - Screenshot captured at: reports/screenshots/testFail_20251228_124010.png
2025-12-28 12:40:10.944 [TestNG-tests-2] INFO  DriverFactory - Quitting browser session
2025-12-28 12:40:11.244 [TestNG-tests-2] ERROR TestListener - Test Failed: testFail
java.lang.AssertionError: Intentional failure for testing report
	at org.testng.Assert.fail(Assert.java:111) ~[testng-7.10.2.jar:7.10.2]
	at tests.ReportTestDemo.testFail(ReportTestDemo.java:23) ~[test-classes/:?]
	at java.base/jdk.internal.reflect.DirectMethodHandleAccessor.invoke(DirectMethodHandleAccessor.java:103) ~[?:?]
	at java.base/java.lang.reflect.Method.invoke(Method.java:580) ~[?:?]
	at org.testng.internal.invokers.MethodInvocationHelper.invokeMethod(MethodInvocationHelper.java:141) ~[testng-7.10.2.jar:7.10.2]
	at org.testng.internal.invokers.TestInvoker.invokeMethod(TestInvoker.java:686) ~[testng-7.10.2.jar:7.10.2]
	at org.testng.internal.invokers.TestInvoker.invokeTestMethod(TestInvoker.java:230) ~[testng-7.10.2.jar:7.10.2]
	at org.testng.internal.invokers.MethodRunner.runInSequence(MethodRunner.java:63) ~[testng-7.10.2.jar:7.10.2]
	at org.testng.internal.invokers.TestInvoker$MethodInvocationAgent.invoke(TestInvoker.java:992) ~[testng-7.10.2.jar:7.10.2]
	at org.testng.internal.invokers.TestInvoker.invokeTestMethods(TestInvoker.java:203) ~[testng-7.10.2.jar:7.10.2]
	at org.testng.internal.invokers.TestMethodWorker.invokeTestMethods(TestMethodWorker.java:154) ~[testng-7.10.2.jar:7.10.2]
	at org.testng.internal.invokers.TestMethodWorker.run(TestMethodWorker.java:134) ~[testng-7.10.2.jar:7.10.2]
	at java.base/java.util.ArrayList.forEach(ArrayList.java:1596) ~[?:?]
	at org.testng.TestRunner.privateRun(TestRunner.java:739) ~[testng-7.10.2.jar:7.10.2]
	at org.testng.TestRunner.run(TestRunner.java:614) ~[testng-7.10.2.jar:7.10.2]
	at org.testng.SuiteRunner.runTest(SuiteRunner.java:421) ~[testng-7.10.2.jar:7.10.2]
	at org.testng.SuiteRunner$SuiteWorker.run(SuiteRunner.java:463) ~[testng-7.10.2.jar:7.10.2]
	at org.testng.internal.thread.ThreadUtil.lambda$execute$0(ThreadUtil.java:64) ~[testng-7.10.2.jar:7.10.2]
	at java.base/java.util.concurrent.FutureTask.run(FutureTask.java:317) ~[?:?]
	at java.base/java.util.concurrent.ThreadPoolExecutor.runWorker(ThreadPoolExecutor.java:1144) ~[?:?]
	at java.base/java.util.concurrent.ThreadPoolExecutor$Worker.run(ThreadPoolExecutor.java:642) ~[?:?]
	at java.base/java.lang.Thread.run(Thread.java:1583) [?:?]
2025-12-28 12:40:11.277 [TestNG-tests-2] INFO  BaseTest - BaseTest.tearDown() called for method: testFail
2025-12-28 12:40:11.277 [TestNG-tests-2] ERROR ReportTestDemo - Test FAILED: testFail
java.lang.AssertionError: Intentional failure for testing report
	at org.testng.Assert.fail(Assert.java:111) ~[testng-7.10.2.jar:7.10.2]
	at tests.ReportTestDemo.testFail(ReportTestDemo.java:23) ~[test-classes/:?]
	at java.base/jdk.internal.reflect.DirectMethodHandleAccessor.invoke(DirectMethodHandleAccessor.java:103) ~[?:?]
	at java.base/java.lang.reflect.Method.invoke(Method.java:580) ~[?:?]
	at org.testng.internal.invokers.MethodInvocationHelper.invokeMethod(MethodInvocationHelper.java:141) ~[testng-7.10.2.jar:7.10.2]
	at org.testng.internal.invokers.TestInvoker.invokeMethod(TestInvoker.java:686) ~[testng-7.10.2.jar:7.10.2]
	at org.testng.internal.invokers.TestInvoker.invokeTestMethod(TestInvoker.java:230) ~[testng-7.10.2.jar:7.10.2]
	at org.testng.internal.invokers.MethodRunner.runInSequence(MethodRunner.java:63) ~[testng-7.10.2.jar:7.10.2]
	at org.testng.internal.invokers.TestInvoker$MethodInvocationAgent.invoke(TestInvoker.java:992) ~[testng-7.10.2.jar:7.10.2]
	at org.testng.internal.invokers.TestInvoker.invokeTestMethods(TestInvoker.java:203) ~[testng-7.10.2.jar:7.10.2]
	at org.testng.internal.invokers.TestMethodWorker.invokeTestMethods(TestMethodWorker.java:154) ~[testng-7.10.2.jar:7.10.2]
	at org.testng.internal.invokers.TestMethodWorker.run(TestMethodWorker.java:134) ~[testng-7.10.2.jar:7.10.2]
	at java.base/java.util.ArrayList.forEach(ArrayList.java:1596) ~[?:?]
	at org.testng.TestRunner.privateRun(TestRunner.java:739) ~[testng-7.10.2.jar:7.10.2]
	at org.testng.TestRunner.run(TestRunner.java:614) ~[testng-7.10.2.jar:7.10.2]
	at org.testng.SuiteRunner.runTest(SuiteRunner.java:421) ~[testng-7.10.2.jar:7.10.2]
	at org.testng.SuiteRunner$SuiteWorker.run(SuiteRunner.java:463) ~[testng-7.10.2.jar:7.10.2]
	at org.testng.internal.thread.ThreadUtil.lambda$execute$0(ThreadUtil.java:64) ~[testng-7.10.2.jar:7.10.2]
	at java.base/java.util.concurrent.FutureTask.run(FutureTask.java:317) ~[?:?]
	at java.base/java.util.concurrent.ThreadPoolExecutor.runWorker(ThreadPoolExecutor.java:1144) ~[?:?]
	at java.base/java.util.concurrent.ThreadPoolExecutor$Worker.run(ThreadPoolExecutor.java:642) ~[?:?]
	at java.base/java.lang.Thread.run(Thread.java:1583) [?:?]
2025-12-28 12:40:11.528 [TestNG-tests-2] INFO  ReportTestDemo - Screenshot captured at: reports/screenshots/testFail_20251228_124011.png
2025-12-28 12:40:11.528 [TestNG-tests-2] INFO  DriverFactory - Quitting browser session
2025-12-28 12:40:11.856 [TestNG-tests-2] INFO  ReportTestDemo - ----- Test Teardown Completed -----
2025-12-28 12:40:11.866 [TestNG-tests-2] INFO  DriverFactory - Initializing browser: chrome
2025-12-28 12:40:12.018 [TestNG-tests-2] INFO  ReportTestDemo - ----- Test Teardown Completed -----
2025-12-28 12:40:12.028 [TestNG-tests-2] INFO  DriverFactory - Initializing browser: chrome
2025-12-28 12:40:13.392 [TestNG-tests-2] INFO  DriverFactory - ChromeDriver initialized successfully
2025-12-28 12:40:13.392 [TestNG-tests-2] INFO  DriverFactory - Navigating to URL: http://localhost/openemr
2025-12-28 12:40:13.472 [TestNG-tests-2] INFO  DriverFactory - ChromeDriver initialized successfully
2025-12-28 12:40:13.473 [TestNG-tests-2] INFO  DriverFactory - Navigating to URL: http://localhost/openemr
2025-12-28 12:40:14.956 [TestNG-tests-2] INFO  BaseTest - Driver initialized in BaseTest
2025-12-28 12:40:14.958 [TestNG-tests-2] INFO  ReportTestDemo - Driver initialized in BaseTest
2025-12-28 12:40:14.961 [TestNG-tests-2] INFO  TestListener - Test Started: testPass
2025-12-28 12:40:14.964 [TestNG-tests-2] INFO  TestListener - Test Passed: testPass
2025-12-28 12:40:14.966 [TestNG-tests-2] INFO  BaseTest - BaseTest.tearDown() called for method: testPass
2025-12-28 12:40:14.967 [TestNG-tests-2] INFO  ReportTestDemo - Test PASSED: testPass
2025-12-28 12:40:14.968 [TestNG-tests-2] INFO  DriverFactory - Quitting browser session
2025-12-28 12:40:14.996 [TestNG-tests-2] INFO  BaseTest - Driver initialized in BaseTest
2025-12-28 12:40:14.996 [TestNG-tests-2] INFO  ReportTestDemo - Driver initialized in BaseTest
2025-12-28 12:40:14.999 [TestNG-tests-2] INFO  TestListener - Test Started: testPass
2025-12-28 12:40:15.002 [TestNG-tests-2] INFO  TestListener - Test Passed: testPass
2025-12-28 12:40:15.010 [TestNG-tests-2] INFO  BaseTest - BaseTest.tearDown() called for method: testPass
2025-12-28 12:40:15.012 [TestNG-tests-2] INFO  ReportTestDemo - Test PASSED: testPass
2025-12-28 12:40:15.013 [TestNG-tests-2] INFO  DriverFactory - Quitting browser session
2025-12-28 12:40:15.330 [TestNG-tests-2] INFO  ReportTestDemo - ----- Test Teardown Completed -----
2025-12-28 12:40:15.334 [TestNG-tests-2] INFO  DriverFactory - Initializing browser: chrome
2025-12-28 12:40:15.345 [TestNG-tests-2] INFO  ReportTestDemo - ----- Test Teardown Completed -----
2025-12-28 12:40:15.347 [TestNG-tests-2] INFO  DriverFactory - Initializing browser: chrome
2025-12-28 12:40:16.640 [TestNG-tests-2] INFO  DriverFactory - ChromeDriver initialized successfully
2025-12-28 12:40:16.641 [TestNG-tests-2] INFO  DriverFactory - Navigating to URL: http://localhost/openemr
2025-12-28 12:40:16.675 [TestNG-tests-2] INFO  DriverFactory - ChromeDriver initialized successfully
2025-12-28 12:40:16.676 [TestNG-tests-2] INFO  DriverFactory - Navigating to URL: http://localhost/openemr
2025-12-28 12:40:18.366 [TestNG-tests-2] INFO  BaseTest - Driver initialized in BaseTest
2025-12-28 12:40:18.367 [TestNG-tests-2] INFO  ReportTestDemo - Driver initialized in BaseTest
2025-12-28 12:40:18.371 [TestNG-tests-2] INFO  TestListener - Test Started: testSkip
2025-12-28 12:40:18.374 [TestNG-tests-2] WARN  TestListener - Test Skipped: testSkip
2025-12-28 12:40:18.378 [TestNG-tests-2] INFO  BaseTest - BaseTest.tearDown() called for method: testSkip
2025-12-28 12:40:18.379 [TestNG-tests-2] WARN  ReportTestDemo - Test SKIPPED: testSkip
2025-12-28 12:40:18.382 [TestNG-tests-2] INFO  DriverFactory - Quitting browser session
2025-12-28 12:40:18.496 [TestNG-tests-2] INFO  BaseTest - Driver initialized in BaseTest
2025-12-28 12:40:18.496 [TestNG-tests-2] INFO  ReportTestDemo - Driver initialized in BaseTest
2025-12-28 12:40:18.498 [TestNG-tests-2] INFO  TestListener - Test Started: testSkip
2025-12-28 12:40:18.501 [TestNG-tests-2] WARN  TestListener - Test Skipped: testSkip
2025-12-28 12:40:18.510 [TestNG-tests-2] INFO  BaseTest - BaseTest.tearDown() called for method: testSkip
2025-12-28 12:40:18.510 [TestNG-tests-2] WARN  ReportTestDemo - Test SKIPPED: testSkip
2025-12-28 12:40:18.511 [TestNG-tests-2] INFO  DriverFactory - Quitting browser session
2025-12-28 12:40:19.034 [TestNG-tests-2] INFO  ReportTestDemo - ----- Test Teardown Completed -----
2025-12-28 12:40:19.059 [TestNG-tests-2] INFO  ReportTestDemo - ----- Test Teardown Completed -----
2025-12-28 12:40:21.255 [TestNG-tests-2] INFO  TestListener - TestNG onFinish: Report Test
2025-12-28 12:40:21.266 [TestNG-tests-2] INFO  TestListener - TestNG onFinish: Report Test
2025-12-28 12:43:48.244 [TestNG-tests-2] INFO  DriverFactory - Initializing browser: chrome
2025-12-28 12:43:48.244 [TestNG-tests-1] INFO  DriverFactory - Initializing browser: chrome
2025-12-28 12:43:50.380 [TestNG-tests-2] INFO  DriverFactory - ChromeDriver initialized successfully
2025-12-28 12:43:50.380 [TestNG-tests-1] INFO  DriverFactory - ChromeDriver initialized successfully
2025-12-28 12:43:50.380 [TestNG-tests-2] INFO  DriverFactory - Navigating to URL: http://localhost/openemr
2025-12-28 12:43:50.380 [TestNG-tests-1] INFO  DriverFactory - Navigating to URL: http://localhost/openemr
2025-12-28 12:43:51.404 [TestNG-tests-2] INFO  BaseTest - Driver initialized in BaseTest
2025-12-28 12:43:51.404 [TestNG-tests-2] INFO  ReportTestDemo - Driver initialized in BaseTest
2025-12-28 12:43:51.417 [TestNG-tests-1] INFO  BaseTest - Driver initialized in BaseTest
2025-12-28 12:43:51.417 [TestNG-tests-1] INFO  LoginTests - Driver initialized in BaseTest
2025-12-28 12:43:51.418 [TestNG-tests-2] INFO  TestListener - Test Started: testFail
2025-12-28 12:43:51.420 [TestNG-tests-1] INFO  TestListener - Test Started: validLoginTest
2025-12-28 12:43:51.440 [TestNG-tests-1] INFO  LoginTests - === Starting test: validLoginTest ===
2025-12-28 12:43:51.695 [TestNG-tests-2] ERROR TestListener - Test Failed: testFail
java.lang.AssertionError: Intentional failure for testing report
	at org.testng.Assert.fail(Assert.java:111) ~[testng-7.10.2.jar:7.10.2]
	at tests.ReportTestDemo.testFail(ReportTestDemo.java:23) ~[test-classes/:?]
	at java.base/jdk.internal.reflect.DirectMethodHandleAccessor.invoke(DirectMethodHandleAccessor.java:103) ~[?:?]
	at java.base/java.lang.reflect.Method.invoke(Method.java:580) ~[?:?]
	at org.testng.internal.invokers.MethodInvocationHelper.invokeMethod(MethodInvocationHelper.java:141) ~[testng-7.10.2.jar:7.10.2]
	at org.testng.internal.invokers.TestInvoker.invokeMethod(TestInvoker.java:686) ~[testng-7.10.2.jar:7.10.2]
	at org.testng.internal.invokers.TestInvoker.invokeTestMethod(TestInvoker.java:230) ~[testng-7.10.2.jar:7.10.2]
	at org.testng.internal.invokers.MethodRunner.runInSequence(MethodRunner.java:63) ~[testng-7.10.2.jar:7.10.2]
	at org.testng.internal.invokers.TestInvoker$MethodInvocationAgent.invoke(TestInvoker.java:992) ~[testng-7.10.2.jar:7.10.2]
	at org.testng.internal.invokers.TestInvoker.invokeTestMethods(TestInvoker.java:203) ~[testng-7.10.2.jar:7.10.2]
	at org.testng.internal.invokers.TestMethodWorker.invokeTestMethods(TestMethodWorker.java:154) ~[testng-7.10.2.jar:7.10.2]
	at org.testng.internal.invokers.TestMethodWorker.run(TestMethodWorker.java:134) ~[testng-7.10.2.jar:7.10.2]
	at java.base/java.util.ArrayList.forEach(ArrayList.java:1596) ~[?:?]
	at org.testng.TestRunner.privateRun(TestRunner.java:739) ~[testng-7.10.2.jar:7.10.2]
	at org.testng.TestRunner.run(TestRunner.java:614) ~[testng-7.10.2.jar:7.10.2]
	at org.testng.SuiteRunner.runTest(SuiteRunner.java:421) ~[testng-7.10.2.jar:7.10.2]
	at org.testng.SuiteRunner$SuiteWorker.run(SuiteRunner.java:463) ~[testng-7.10.2.jar:7.10.2]
	at org.testng.internal.thread.ThreadUtil.lambda$execute$0(ThreadUtil.java:64) ~[testng-7.10.2.jar:7.10.2]
	at java.base/java.util.concurrent.FutureTask.run(FutureTask.java:317) ~[?:?]
	at java.base/java.util.concurrent.ThreadPoolExecutor.runWorker(ThreadPoolExecutor.java:1144) ~[?:?]
	at java.base/java.util.concurrent.ThreadPoolExecutor$Worker.run(ThreadPoolExecutor.java:642) ~[?:?]
	at java.base/java.lang.Thread.run(Thread.java:1583) [?:?]
2025-12-28 12:43:51.715 [TestNG-tests-2] INFO  BaseTest - BaseTest.tearDown() called for method: testFail
2025-12-28 12:43:51.715 [TestNG-tests-2] ERROR ReportTestDemo - Test FAILED: testFail
java.lang.AssertionError: Intentional failure for testing report
	at org.testng.Assert.fail(Assert.java:111) ~[testng-7.10.2.jar:7.10.2]
	at tests.ReportTestDemo.testFail(ReportTestDemo.java:23) ~[test-classes/:?]
	at java.base/jdk.internal.reflect.DirectMethodHandleAccessor.invoke(DirectMethodHandleAccessor.java:103) ~[?:?]
	at java.base/java.lang.reflect.Method.invoke(Method.java:580) ~[?:?]
	at org.testng.internal.invokers.MethodInvocationHelper.invokeMethod(MethodInvocationHelper.java:141) ~[testng-7.10.2.jar:7.10.2]
	at org.testng.internal.invokers.TestInvoker.invokeMethod(TestInvoker.java:686) ~[testng-7.10.2.jar:7.10.2]
	at org.testng.internal.invokers.TestInvoker.invokeTestMethod(TestInvoker.java:230) ~[testng-7.10.2.jar:7.10.2]
	at org.testng.internal.invokers.MethodRunner.runInSequence(MethodRunner.java:63) ~[testng-7.10.2.jar:7.10.2]
	at org.testng.internal.invokers.TestInvoker$MethodInvocationAgent.invoke(TestInvoker.java:992) ~[testng-7.10.2.jar:7.10.2]
	at org.testng.internal.invokers.TestInvoker.invokeTestMethods(TestInvoker.java:203) ~[testng-7.10.2.jar:7.10.2]
	at org.testng.internal.invokers.TestMethodWorker.invokeTestMethods(TestMethodWorker.java:154) ~[testng-7.10.2.jar:7.10.2]
	at org.testng.internal.invokers.TestMethodWorker.run(TestMethodWorker.java:134) ~[testng-7.10.2.jar:7.10.2]
	at java.base/java.util.ArrayList.forEach(ArrayList.java:1596) ~[?:?]
	at org.testng.TestRunner.privateRun(TestRunner.java:739) ~[testng-7.10.2.jar:7.10.2]
	at org.testng.TestRunner.run(TestRunner.java:614) ~[testng-7.10.2.jar:7.10.2]
	at org.testng.SuiteRunner.runTest(SuiteRunner.java:421) ~[testng-7.10.2.jar:7.10.2]
	at org.testng.SuiteRunner$SuiteWorker.run(SuiteRunner.java:463) ~[testng-7.10.2.jar:7.10.2]
	at org.testng.internal.thread.ThreadUtil.lambda$execute$0(ThreadUtil.java:64) ~[testng-7.10.2.jar:7.10.2]
	at java.base/java.util.concurrent.FutureTask.run(FutureTask.java:317) ~[?:?]
	at java.base/java.util.concurrent.ThreadPoolExecutor.runWorker(ThreadPoolExecutor.java:1144) ~[?:?]
	at java.base/java.util.concurrent.ThreadPoolExecutor$Worker.run(ThreadPoolExecutor.java:642) ~[?:?]
	at java.base/java.lang.Thread.run(Thread.java:1583) [?:?]
2025-12-28 12:43:51.853 [TestNG-tests-2] INFO  ReportTestDemo - Screenshot captured at: screenshots/testFail_20251228_124351.png
2025-12-28 12:43:51.853 [TestNG-tests-2] INFO  DriverFactory - Quitting browser session
2025-12-28 12:43:52.040 [TestNG-tests-2] INFO  ReportTestDemo - ----- Test Teardown Completed -----
2025-12-28 12:43:52.049 [TestNG-tests-2] INFO  DriverFactory - Initializing browser: chrome
2025-12-28 12:43:52.917 [TestNG-tests-2] INFO  DriverFactory - ChromeDriver initialized successfully
2025-12-28 12:43:52.917 [TestNG-tests-2] INFO  DriverFactory - Navigating to URL: http://localhost/openemr
2025-12-28 12:43:53.797 [TestNG-tests-2] INFO  BaseTest - Driver initialized in BaseTest
2025-12-28 12:43:53.798 [TestNG-tests-2] INFO  ReportTestDemo - Driver initialized in BaseTest
2025-12-28 12:43:53.800 [TestNG-tests-2] INFO  TestListener - Test Started: testPass
2025-12-28 12:43:53.802 [TestNG-tests-2] INFO  TestListener - Test Passed: testPass
2025-12-28 12:43:53.805 [TestNG-tests-2] INFO  BaseTest - BaseTest.tearDown() called for method: testPass
2025-12-28 12:43:53.805 [TestNG-tests-2] INFO  ReportTestDemo - Test PASSED: testPass
2025-12-28 12:43:53.806 [TestNG-tests-2] INFO  DriverFactory - Quitting browser session
2025-12-28 12:43:53.965 [TestNG-tests-2] INFO  ReportTestDemo - ----- Test Teardown Completed -----
2025-12-28 12:43:53.968 [TestNG-tests-2] INFO  DriverFactory - Initializing browser: chrome
2025-12-28 12:43:54.913 [TestNG-tests-2] INFO  DriverFactory - ChromeDriver initialized successfully
2025-12-28 12:43:54.914 [TestNG-tests-2] INFO  DriverFactory - Navigating to URL: http://localhost/openemr
2025-12-28 12:43:55.881 [TestNG-tests-2] INFO  BaseTest - Driver initialized in BaseTest
2025-12-28 12:43:55.881 [TestNG-tests-2] INFO  ReportTestDemo - Driver initialized in BaseTest
2025-12-28 12:43:55.883 [TestNG-tests-2] INFO  TestListener - Test Started: testSkip
2025-12-28 12:43:55.886 [TestNG-tests-2] WARN  TestListener - Test Skipped: testSkip
2025-12-28 12:43:55.888 [TestNG-tests-2] INFO  BaseTest - BaseTest.tearDown() called for method: testSkip
2025-12-28 12:43:55.889 [TestNG-tests-2] WARN  ReportTestDemo - Test SKIPPED: testSkip
2025-12-28 12:43:55.889 [TestNG-tests-2] INFO  DriverFactory - Quitting browser session
2025-12-28 12:43:56.098 [TestNG-tests-2] INFO  ReportTestDemo - ----- Test Teardown Completed -----
2025-12-28 12:43:57.554 [TestNG-tests-2] INFO  TestListener - TestNG onFinish: Report Test
2025-12-28 12:52:29.018 [TestNG-tests-2] INFO  DriverFactory - Initializing browser: chrome
2025-12-28 12:52:29.018 [TestNG-tests-1] INFO  DriverFactory - Initializing browser: chrome
2025-12-28 12:52:31.195 [TestNG-tests-1] INFO  DriverFactory - ChromeDriver initialized successfully
2025-12-28 12:52:31.195 [TestNG-tests-2] INFO  DriverFactory - ChromeDriver initialized successfully
2025-12-28 12:52:31.195 [TestNG-tests-2] INFO  DriverFactory - Navigating to URL: http://localhost/openemr
2025-12-28 12:52:31.195 [TestNG-tests-1] INFO  DriverFactory - Navigating to URL: http://localhost/openemr
2025-12-28 12:52:32.158 [TestNG-tests-1] INFO  BaseTest - Driver initialized in BaseTest
2025-12-28 12:52:32.159 [TestNG-tests-1] INFO  LoginTests - Driver initialized in BaseTest
2025-12-28 12:52:32.182 [TestNG-tests-1] INFO  TestListener - Test Started: validLoginTest
2025-12-28 12:52:32.245 [TestNG-tests-1] INFO  LoginTests - === Starting test: validLoginTest ===
2025-12-28 12:52:32.555 [TestNG-tests-2] INFO  BaseTest - Driver initialized in BaseTest
2025-12-28 12:52:32.556 [TestNG-tests-2] INFO  ReportTestDemo - Driver initialized in BaseTest
2025-12-28 12:52:32.568 [TestNG-tests-2] INFO  TestListener - Test Started: testFail
2025-12-28 12:52:32.869 [TestNG-tests-2] ERROR TestListener - Test Failed: testFail
java.lang.AssertionError: Intentional failure for testing report
	at org.testng.Assert.fail(Assert.java:111) ~[testng-7.10.2.jar:7.10.2]
	at tests.ReportTestDemo.testFail(ReportTestDemo.java:23) ~[test-classes/:?]
	at java.base/jdk.internal.reflect.DirectMethodHandleAccessor.invoke(DirectMethodHandleAccessor.java:103) ~[?:?]
	at java.base/java.lang.reflect.Method.invoke(Method.java:580) ~[?:?]
	at org.testng.internal.invokers.MethodInvocationHelper.invokeMethod(MethodInvocationHelper.java:141) ~[testng-7.10.2.jar:7.10.2]
	at org.testng.internal.invokers.TestInvoker.invokeMethod(TestInvoker.java:686) ~[testng-7.10.2.jar:7.10.2]
	at org.testng.internal.invokers.TestInvoker.invokeTestMethod(TestInvoker.java:230) ~[testng-7.10.2.jar:7.10.2]
	at org.testng.internal.invokers.MethodRunner.runInSequence(MethodRunner.java:63) ~[testng-7.10.2.jar:7.10.2]
	at org.testng.internal.invokers.TestInvoker$MethodInvocationAgent.invoke(TestInvoker.java:992) ~[testng-7.10.2.jar:7.10.2]
	at org.testng.internal.invokers.TestInvoker.invokeTestMethods(TestInvoker.java:203) ~[testng-7.10.2.jar:7.10.2]
	at org.testng.internal.invokers.TestMethodWorker.invokeTestMethods(TestMethodWorker.java:154) ~[testng-7.10.2.jar:7.10.2]
	at org.testng.internal.invokers.TestMethodWorker.run(TestMethodWorker.java:134) ~[testng-7.10.2.jar:7.10.2]
	at java.base/java.util.ArrayList.forEach(ArrayList.java:1596) ~[?:?]
	at org.testng.TestRunner.privateRun(TestRunner.java:739) ~[testng-7.10.2.jar:7.10.2]
	at org.testng.TestRunner.run(TestRunner.java:614) ~[testng-7.10.2.jar:7.10.2]
	at org.testng.SuiteRunner.runTest(SuiteRunner.java:421) ~[testng-7.10.2.jar:7.10.2]
	at org.testng.SuiteRunner$SuiteWorker.run(SuiteRunner.java:463) ~[testng-7.10.2.jar:7.10.2]
	at org.testng.internal.thread.ThreadUtil.lambda$execute$0(ThreadUtil.java:64) ~[testng-7.10.2.jar:7.10.2]
	at java.base/java.util.concurrent.FutureTask.run(FutureTask.java:317) ~[?:?]
	at java.base/java.util.concurrent.ThreadPoolExecutor.runWorker(ThreadPoolExecutor.java:1144) ~[?:?]
	at java.base/java.util.concurrent.ThreadPoolExecutor$Worker.run(ThreadPoolExecutor.java:642) ~[?:?]
	at java.base/java.lang.Thread.run(Thread.java:1583) [?:?]
2025-12-28 12:52:32.902 [TestNG-tests-2] INFO  BaseTest - BaseTest.tearDown() called for method: testFail
2025-12-28 12:52:32.902 [TestNG-tests-2] ERROR ReportTestDemo - Test FAILED: testFail
java.lang.AssertionError: Intentional failure for testing report
	at org.testng.Assert.fail(Assert.java:111) ~[testng-7.10.2.jar:7.10.2]
	at tests.ReportTestDemo.testFail(ReportTestDemo.java:23) ~[test-classes/:?]
	at java.base/jdk.internal.reflect.DirectMethodHandleAccessor.invoke(DirectMethodHandleAccessor.java:103) ~[?:?]
	at java.base/java.lang.reflect.Method.invoke(Method.java:580) ~[?:?]
	at org.testng.internal.invokers.MethodInvocationHelper.invokeMethod(MethodInvocationHelper.java:141) ~[testng-7.10.2.jar:7.10.2]
	at org.testng.internal.invokers.TestInvoker.invokeMethod(TestInvoker.java:686) ~[testng-7.10.2.jar:7.10.2]
	at org.testng.internal.invokers.TestInvoker.invokeTestMethod(TestInvoker.java:230) ~[testng-7.10.2.jar:7.10.2]
	at org.testng.internal.invokers.MethodRunner.runInSequence(MethodRunner.java:63) ~[testng-7.10.2.jar:7.10.2]
	at org.testng.internal.invokers.TestInvoker$MethodInvocationAgent.invoke(TestInvoker.java:992) ~[testng-7.10.2.jar:7.10.2]
	at org.testng.internal.invokers.TestInvoker.invokeTestMethods(TestInvoker.java:203) ~[testng-7.10.2.jar:7.10.2]
	at org.testng.internal.invokers.TestMethodWorker.invokeTestMethods(TestMethodWorker.java:154) ~[testng-7.10.2.jar:7.10.2]
	at org.testng.internal.invokers.TestMethodWorker.run(TestMethodWorker.java:134) ~[testng-7.10.2.jar:7.10.2]
	at java.base/java.util.ArrayList.forEach(ArrayList.java:1596) ~[?:?]
	at org.testng.TestRunner.privateRun(TestRunner.java:739) ~[testng-7.10.2.jar:7.10.2]
	at org.testng.TestRunner.run(TestRunner.java:614) ~[testng-7.10.2.jar:7.10.2]
	at org.testng.SuiteRunner.runTest(SuiteRunner.java:421) ~[testng-7.10.2.jar:7.10.2]
	at org.testng.SuiteRunner$SuiteWorker.run(SuiteRunner.java:463) ~[testng-7.10.2.jar:7.10.2]
	at org.testng.internal.thread.ThreadUtil.lambda$execute$0(ThreadUtil.java:64) ~[testng-7.10.2.jar:7.10.2]
	at java.base/java.util.concurrent.FutureTask.run(FutureTask.java:317) ~[?:?]
	at java.base/java.util.concurrent.ThreadPoolExecutor.runWorker(ThreadPoolExecutor.java:1144) ~[?:?]
	at java.base/java.util.concurrent.ThreadPoolExecutor$Worker.run(ThreadPoolExecutor.java:642) ~[?:?]
	at java.base/java.lang.Thread.run(Thread.java:1583) [?:?]
2025-12-28 12:52:33.091 [TestNG-tests-2] INFO  ReportTestDemo - Screenshot captured at: screenshots/testFail_20251228_125232.png
2025-12-28 12:52:33.092 [TestNG-tests-2] INFO  DriverFactory - Quitting browser session
2025-12-28 12:52:33.365 [TestNG-tests-2] INFO  ReportTestDemo - ----- Test Teardown Completed -----
2025-12-28 12:52:33.373 [TestNG-tests-2] INFO  DriverFactory - Initializing browser: chrome
2025-12-28 12:52:34.456 [TestNG-tests-2] INFO  DriverFactory - ChromeDriver initialized successfully
2025-12-28 12:52:34.456 [TestNG-tests-2] INFO  DriverFactory - Navigating to URL: http://localhost/openemr
2025-12-28 12:52:36.087 [TestNG-tests-2] INFO  BaseTest - Driver initialized in BaseTest
2025-12-28 12:52:36.087 [TestNG-tests-2] INFO  ReportTestDemo - Driver initialized in BaseTest
2025-12-28 12:52:36.089 [TestNG-tests-2] INFO  TestListener - Test Started: testPass
2025-12-28 12:52:36.091 [TestNG-tests-2] INFO  TestListener - Test Passed: testPass
2025-12-28 12:52:36.096 [TestNG-tests-2] INFO  BaseTest - BaseTest.tearDown() called for method: testPass
2025-12-28 12:52:36.096 [TestNG-tests-2] INFO  ReportTestDemo - Test PASSED: testPass
2025-12-28 12:52:36.096 [TestNG-tests-2] INFO  DriverFactory - Quitting browser session
2025-12-28 12:52:36.338 [TestNG-tests-2] INFO  ReportTestDemo - ----- Test Teardown Completed -----
2025-12-28 12:52:36.342 [TestNG-tests-2] INFO  DriverFactory - Initializing browser: chrome
2025-12-28 12:52:37.393 [TestNG-tests-2] INFO  DriverFactory - ChromeDriver initialized successfully
2025-12-28 12:52:37.394 [TestNG-tests-2] INFO  DriverFactory - Navigating to URL: http://localhost/openemr
2025-12-28 12:52:38.393 [TestNG-tests-2] INFO  BaseTest - Driver initialized in BaseTest
2025-12-28 12:52:38.393 [TestNG-tests-2] INFO  ReportTestDemo - Driver initialized in BaseTest
2025-12-28 12:52:38.397 [TestNG-tests-2] INFO  TestListener - Test Started: testSkip
2025-12-28 12:52:38.399 [TestNG-tests-2] WARN  TestListener - Test Skipped: testSkip
2025-12-28 12:52:38.403 [TestNG-tests-2] INFO  BaseTest - BaseTest.tearDown() called for method: testSkip
2025-12-28 12:52:38.403 [TestNG-tests-2] WARN  ReportTestDemo - Test SKIPPED: testSkip
2025-12-28 12:52:38.404 [TestNG-tests-2] INFO  DriverFactory - Quitting browser session
2025-12-28 12:52:38.581 [TestNG-tests-2] INFO  ReportTestDemo - ----- Test Teardown Completed -----
2025-12-28 12:52:39.909 [TestNG-tests-2] INFO  TestListener - TestNG onFinish: Report Test
