<?xml version="1.0" encoding="UTF-8"?>
<!-- Generated by org.testng.reporters.JUnitXMLReporter -->
<testsuite ignored="2" hostname="DESKTOP-A0EAS6T" failures="2" tests="3" name="OpenEMR Regression" time="28.774" errors="0" timestamp="2026-01-02T10:25:23 EST">
  <testcase classname="tests.LoginTests" name="failTest" time="0.062">
    <failure type="java.lang.AssertionError" message="Intentional failure to test Allure screenshot">
      <![CDATA[java.lang.AssertionError: Intentional failure to test Allure screenshot
at tests.LoginTests.failTest(LoginTests.java:43)
at java.base/java.util.ArrayList.forEach(ArrayList.java:1596)
at java.base/java.util.concurrent.FutureTask.run(FutureTask.java:317)
at java.base/java.util.concurrent.ThreadPoolExecutor.runWorker(ThreadPoolExecutor.java:1144)
at java.base/java.util.concurrent.ThreadPoolExecutor$Worker.run(ThreadPoolExecutor.java:642)
at java.base/java.lang.Thread.run(Thread.java:1583)
... Removed 16 stack frames]]>
    </failure>
  </testcase> <!-- failTest -->
  <testcase classname="tests.LoginTests" name="validLoginTest" time="5.269"/>
  <testcase classname="tests.DashboardTest" name="testDashboardLogging" time="14.924">
    <failure type="java.lang.AssertionError" message="Log file for DashboardPage should exist. expected [true] but found [false]">
      <![CDATA[java.lang.AssertionError: Log file for DashboardPage should exist. expected [true] but found [false]
at tests.DashboardTest.testDashboardLogging(DashboardTest.java:41)
at java.base/java.util.ArrayList.forEach(ArrayList.java:1596)
at java.base/java.util.concurrent.FutureTask.run(FutureTask.java:317)
at java.base/java.util.concurrent.ThreadPoolExecutor.runWorker(ThreadPoolExecutor.java:1144)
at java.base/java.util.concurrent.ThreadPoolExecutor$Worker.run(ThreadPoolExecutor.java:642)
at java.base/java.lang.Thread.run(Thread.java:1583)
... Removed 18 stack frames]]>
    </failure>
  </testcase> <!-- testDashboardLogging -->
  <testcase classname="base.BaseTest" name="@BeforeSuite beforeSuite" time="0.0">
    <ignored/>
  </testcase> <!-- @BeforeSuite beforeSuite -->
  <testcase classname="base.BaseTest" name="@AfterSuite afterSuite" time="0.0">
    <ignored/>
  </testcase> <!-- @AfterSuite afterSuite -->
</testsuite> <!-- OpenEMR Regression -->
