<?xml version="1.0" encoding="UTF-8"?>
<!-- Generated by org.testng.reporters.JUnitXMLReporter -->
<testsuite ignored="0" hostname="DESKTOP-A0EAS6T" failures="1" tests="3" name="Report Test" time="9.886" errors="0" timestamp="2025-12-28T12:52:39 EST">
  <testcase classname="tests.ReportTestDemo" name="testFail" time="0.029">
    <failure type="java.lang.AssertionError" message="Intentional failure for testing report">
      <![CDATA[java.lang.AssertionError: Intentional failure for testing report
at tests.ReportTestDemo.testFail(ReportTestDemo.java:23)
at java.base/java.util.ArrayList.forEach(ArrayList.java:1596)
at java.base/java.util.concurrent.FutureTask.run(FutureTask.java:317)
at java.base/java.util.concurrent.ThreadPoolExecutor.runWorker(ThreadPoolExecutor.java:1144)
at java.base/java.util.concurrent.ThreadPoolExecutor$Worker.run(ThreadPoolExecutor.java:642)
at java.base/java.lang.Thread.run(Thread.java:1583)
... Removed 16 stack frames]]>
    </failure>
  </testcase> <!-- testFail -->
  <testcase classname="tests.ReportTestDemo" name="testPass" time="0.003"/>
  <testcase classname="tests.ReportTestDemo" name="testSkip" time="0.004">
    <skipped/>
  </testcase> <!-- testSkip -->
</testsuite> <!-- Report Test -->
