<?xml version="1.0" encoding="UTF-8"?>
<testng-results ignored="0" total="4" passed="2" failed="1" skipped="1">
  <reporter-output>
  </reporter-output>
  <suite started-at="2025-12-28T12:52:28 EST" name="OpenEMR Automation Suite" finished-at="2025-12-28T12:52:40 EST" duration-ms="11362">
    <groups>
      <group name="Sanity">
        <method signature="ReportTestDemo.testSkip()[pri:0, instance:tests.ReportTestDemo@388ba540]" name="testSkip" class="tests.ReportTestDemo"/>
      </group> <!-- Sanity -->
      <group name="Regression">
        <method signature="ReportTestDemo.testFail()[pri:0, instance:tests.ReportTestDemo@388ba540]" name="testFail" class="tests.ReportTestDemo"/>
      </group> <!-- Regression -->
      <group name="Smoke">
        <method signature="ReportTestDemo.testPass()[pri:0, instance:tests.ReportTestDemo@388ba540]" name="testPass" class="tests.ReportTestDemo"/>
      </group> <!-- Smoke -->
    </groups>
    <test started-at="2025-12-28T12:52:28 EST" name="Report Test" finished-at="2025-12-28T12:52:38 EST" duration-ms="9886">
      <class name="tests.ReportTestDemo">
        <test-method is-config="true" signature="beforeSuite()[pri:0, instance:tests.ReportTestDemo@388ba540]" started-at="2025-12-28T12:52:28 EST" name="beforeSuite" finished-at="2025-12-28T12:52:28 EST" duration-ms="36" status="PASS">
          <reporter-output>
          </reporter-output>
        </test-method> <!-- beforeSuite -->
        <test-method is-config="true" signature="setUp(java.lang.reflect.Method)[pri:0, instance:tests.ReportTestDemo@388ba540]" started-at="2025-12-28T12:52:29 EST" name="setUp" finished-at="2025-12-28T12:52:32 EST" duration-ms="3547" status="PASS">
          <params>
            <param index="0">
              <value>
                <![CDATA[public void tests.ReportTestDemo.testFail()]]>
              </value>
            </param>
          </params>
          <reporter-output>
          </reporter-output>
        </test-method> <!-- setUp -->
        <test-method signature="testFail()[pri:0, instance:tests.ReportTestDemo@388ba540]" started-at="2025-12-28T12:52:32 EST" name="testFail" description="Author: Usman | Simple failing test" finished-at="2025-12-28T12:52:32 EST" duration-ms="29" status="FAIL">
          <exception class="java.lang.AssertionError">
            <message>
              <![CDATA[Intentional failure for testing report]]>
            </message>
            <full-stacktrace>
              <![CDATA[java.lang.AssertionError: Intentional failure for testing report
at org.testng.Assert.fail(Assert.java:111)
at tests.ReportTestDemo.testFail(ReportTestDemo.java:23)
at java.base/jdk.internal.reflect.DirectMethodHandleAccessor.invoke(DirectMethodHandleAccessor.java:103)
at java.base/java.lang.reflect.Method.invoke(Method.java:580)
at org.testng.internal.invokers.MethodInvocationHelper.invokeMethod(MethodInvocationHelper.java:141)
at org.testng.internal.invokers.TestInvoker.invokeMethod(TestInvoker.java:686)
at org.testng.internal.invokers.TestInvoker.invokeTestMethod(TestInvoker.java:230)
at org.testng.internal.invokers.MethodRunner.runInSequence(MethodRunner.java:63)
at org.testng.internal.invokers.TestInvoker$MethodInvocationAgent.invoke(TestInvoker.java:992)
at org.testng.internal.invokers.TestInvoker.invokeTestMethods(TestInvoker.java:203)
at org.testng.internal.invokers.TestMethodWorker.invokeTestMethods(TestMethodWorker.java:154)
at org.testng.internal.invokers.TestMethodWorker.run(TestMethodWorker.java:134)
at java.base/java.util.ArrayList.forEach(ArrayList.java:1596)
at org.testng.TestRunner.privateRun(TestRunner.java:739)
at org.testng.TestRunner.run(TestRunner.java:614)
at org.testng.SuiteRunner.runTest(SuiteRunner.java:421)
at org.testng.SuiteRunner$SuiteWorker.run(SuiteRunner.java:463)
at org.testng.internal.thread.ThreadUtil.lambda$execute$0(ThreadUtil.java:64)
at java.base/java.util.concurrent.FutureTask.run(FutureTask.java:317)
at java.base/java.util.concurrent.ThreadPoolExecutor.runWorker(ThreadPoolExecutor.java:1144)
at java.base/java.util.concurrent.ThreadPoolExecutor$Worker.run(ThreadPoolExecutor.java:642)
at java.base/java.lang.Thread.run(Thread.java:1583)
]]>
            </full-stacktrace>
          </exception> <!-- java.lang.AssertionError -->
          <reporter-output>
          </reporter-output>
        </test-method> <!-- testFail -->
        <test-method is-config="true" signature="tearDown(org.testng.ITestResult)[pri:0, instance:tests.ReportTestDemo@388ba540]" started-at="2025-12-28T12:52:32 EST" name="tearDown" finished-at="2025-12-28T12:52:33 EST" duration-ms="465" status="PASS">
          <params>
            <param index="0">
              <value>
                <![CDATA[[TestResult name=testFail status=FAILURE method=ReportTestDemo.testFail()[pri:0, instance:tests.ReportTestDemo@388ba540] output={null}]]]>
              </value>
            </param>
          </params>
          <reporter-output>
          </reporter-output>
        </test-method> <!-- tearDown -->
        <test-method is-config="true" signature="setUp(java.lang.reflect.Method)[pri:0, instance:tests.ReportTestDemo@388ba540]" started-at="2025-12-28T12:52:33 EST" name="setUp" finished-at="2025-12-28T12:52:36 EST" duration-ms="2717" status="PASS">
          <params>
            <param index="0">
              <value>
                <![CDATA[public void tests.ReportTestDemo.testPass()]]>
              </value>
            </param>
          </params>
          <reporter-output>
          </reporter-output>
        </test-method> <!-- setUp -->
        <test-method signature="testPass()[pri:0, instance:tests.ReportTestDemo@388ba540]" started-at="2025-12-28T12:52:36 EST" name="testPass" description="Author: Usman | Simple passing test" finished-at="2025-12-28T12:52:36 EST" duration-ms="3" status="PASS">
          <reporter-output>
          </reporter-output>
        </test-method> <!-- testPass -->
        <test-method is-config="true" signature="tearDown(org.testng.ITestResult)[pri:0, instance:tests.ReportTestDemo@388ba540]" started-at="2025-12-28T12:52:36 EST" name="tearDown" finished-at="2025-12-28T12:52:36 EST" duration-ms="244" status="PASS">
          <params>
            <param index="0">
              <value>
                <![CDATA[[TestResult name=testPass status=SUCCESS method=ReportTestDemo.testPass()[pri:0, instance:tests.ReportTestDemo@388ba540] output={null}]]]>
              </value>
            </param>
          </params>
          <reporter-output>
          </reporter-output>
        </test-method> <!-- tearDown -->
        <test-method is-config="true" signature="setUp(java.lang.reflect.Method)[pri:0, instance:tests.ReportTestDemo@388ba540]" started-at="2025-12-28T12:52:36 EST" name="setUp" finished-at="2025-12-28T12:52:38 EST" duration-ms="2054" status="PASS">
          <params>
            <param index="0">
              <value>
                <![CDATA[public void tests.ReportTestDemo.testSkip()]]>
              </value>
            </param>
          </params>
          <reporter-output>
          </reporter-output>
        </test-method> <!-- setUp -->
        <test-method signature="testSkip()[pri:0, instance:tests.ReportTestDemo@388ba540]" started-at="2025-12-28T12:52:38 EST" name="testSkip" description="Author: Usman | Simple skipped test" finished-at="2025-12-28T12:52:38 EST" duration-ms="4" status="SKIP">
          <exception class="org.testng.SkipException">
            <message>
              <![CDATA[Skipping intentionally]]>
            </message>
            <full-stacktrace>
              <![CDATA[org.testng.SkipException: Skipping intentionally
at tests.ReportTestDemo.testSkip(ReportTestDemo.java:29)
at java.base/jdk.internal.reflect.DirectMethodHandleAccessor.invoke(DirectMethodHandleAccessor.java:103)
at java.base/java.lang.reflect.Method.invoke(Method.java:580)
at org.testng.internal.invokers.MethodInvocationHelper.invokeMethod(MethodInvocationHelper.java:141)
at org.testng.internal.invokers.TestInvoker.invokeMethod(TestInvoker.java:686)
at org.testng.internal.invokers.TestInvoker.invokeTestMethod(TestInvoker.java:230)
at org.testng.internal.invokers.MethodRunner.runInSequence(MethodRunner.java:63)
at org.testng.internal.invokers.TestInvoker$MethodInvocationAgent.invoke(TestInvoker.java:992)
at org.testng.internal.invokers.TestInvoker.invokeTestMethods(TestInvoker.java:203)
at org.testng.internal.invokers.TestMethodWorker.invokeTestMethods(TestMethodWorker.java:154)
at org.testng.internal.invokers.TestMethodWorker.run(TestMethodWorker.java:134)
at java.base/java.util.ArrayList.forEach(ArrayList.java:1596)
at org.testng.TestRunner.privateRun(TestRunner.java:739)
at org.testng.TestRunner.run(TestRunner.java:614)
at org.testng.SuiteRunner.runTest(SuiteRunner.java:421)
at org.testng.SuiteRunner$SuiteWorker.run(SuiteRunner.java:463)
at org.testng.internal.thread.ThreadUtil.lambda$execute$0(ThreadUtil.java:64)
at java.base/java.util.concurrent.FutureTask.run(FutureTask.java:317)
at java.base/java.util.concurrent.ThreadPoolExecutor.runWorker(ThreadPoolExecutor.java:1144)
at java.base/java.util.concurrent.ThreadPoolExecutor$Worker.run(ThreadPoolExecutor.java:642)
at java.base/java.lang.Thread.run(Thread.java:1583)
]]>
            </full-stacktrace>
          </exception> <!-- org.testng.SkipException -->
          <reporter-output>
          </reporter-output>
        </test-method> <!-- testSkip -->
        <test-method is-config="true" signature="tearDown(org.testng.ITestResult)[pri:0, instance:tests.ReportTestDemo@388ba540]" started-at="2025-12-28T12:52:38 EST" name="tearDown" finished-at="2025-12-28T12:52:38 EST" duration-ms="179" status="PASS">
          <params>
            <param index="0">
              <value>
                <![CDATA[[TestResult name=testSkip status=SKIP method=ReportTestDemo.testSkip()[pri:0, instance:tests.ReportTestDemo@388ba540] output={null}]]]>
              </value>
            </param>
          </params>
          <reporter-output>
          </reporter-output>
        </test-method> <!-- tearDown -->
        <test-method is-config="true" signature="afterSuite()[pri:0, instance:tests.ReportTestDemo@388ba540]" started-at="2025-12-28T12:52:40 EST" name="afterSuite" finished-at="2025-12-28T12:52:40 EST" duration-ms="1" status="PASS">
          <reporter-output>
          </reporter-output>
        </test-method> <!-- afterSuite -->
      </class> <!-- tests.ReportTestDemo -->
    </test> <!-- Report Test -->
    <test started-at="2025-12-28T12:52:28 EST" name="OpenEMR Regression" finished-at="2025-12-28T12:52:40 EST" duration-ms="11362">
      <class name="tests.LoginTests">
        <test-method is-config="true" signature="setUp(java.lang.reflect.Method)[pri:0, instance:tests.LoginTests@ed3068a]" started-at="2025-12-28T12:52:29 EST" name="setUp" finished-at="2025-12-28T12:52:32 EST" duration-ms="3152" status="PASS">
          <params>
            <param index="0">
              <value>
                <![CDATA[public void tests.LoginTests.validLoginTest()]]>
              </value>
            </param>
          </params>
          <reporter-output>
          </reporter-output>
        </test-method> <!-- setUp -->
        <test-method signature="validLoginTest()[pri:0, instance:tests.LoginTests@ed3068a]" started-at="2025-12-28T12:52:32 EST" name="validLoginTest" description="Valid login to OpenEMR" finished-at="2025-12-28T12:52:39 EST" duration-ms="7698" status="PASS">
          <reporter-output>
          </reporter-output>
        </test-method> <!-- validLoginTest -->
        <test-method is-config="true" signature="tearDown(org.testng.ITestResult)[pri:0, instance:tests.LoginTests@ed3068a]" started-at="2025-12-28T12:52:39 EST" name="tearDown" finished-at="2025-12-28T12:52:40 EST" duration-ms="195" status="PASS">
          <params>
            <param index="0">
              <value>
                <![CDATA[[TestResult name=validLoginTest status=SUCCESS method=LoginTests.validLoginTest()[pri:0, instance:tests.LoginTests@ed3068a] output={null}]]]>
              </value>
            </param>
          </params>
          <reporter-output>
          </reporter-output>
        </test-method> <!-- tearDown -->
      </class> <!-- tests.LoginTests -->
    </test> <!-- OpenEMR Regression -->
  </suite> <!-- OpenEMR Automation Suite -->
</testng-results>
